---------------------------------------------------------------
[ 2020-08-29T02:00:09+08:00 ] 83.97.20.35 GET 81.68.172.225/
[运行时间：0.002892s] [吞吐率：345.78req/s] [内存消耗：458.67kb] [文件加载：127]
[ info ] [ BEHAVIOR ] Run Closure @app_init [ RunTime:0.000015s ]
[ info ] [ CACHE ] INIT File
[ info ] [ BEHAVIOR ] Run \addons\cms\Cms @app_init [ RunTime:0.000162s ]
[ info ] [ BEHAVIOR ] Run Closure @app_init [ RunTime:0.000187s ]
[ info ] [ LANG ] /data/wwwroot/az-ips.wxhoutai.com/thinkphp/lang/zh-cn.php
[ info ] [ BEHAVIOR ] Run app\common\behavior\Common @app_dispatch [ RunTime:0.000025s ]
[ info ] [ ROUTE ] array (
  'type' => 'module',
  'module' => 
  array (
    0 => '',
    1 => NULL,
    2 => NULL,
  ),
)
[ info ] [ HEADER ] array (
  'connection' => 'close',
  'host' => '81.68.172.225',
  'content-type' => '',
  'content-length' => '',
)
[ info ] [ PARAM ] array (
)
[ info ] [ LANG ] /data/wwwroot/az-ips.wxhoutai.com/public/../application/index/lang/zh-cn.php
[ info ] [ BEHAVIOR ] Run app\common\behavior\Common @module_init [ RunTime:0.000052s ]
[ info ] [ LANG ] /data/wwwroot/az-ips.wxhoutai.com/public/../application/index/lang/zh-cn/index.php
[ info ] [ RUN ] app\index\controller\Index->index[ /data/wwwroot/az-ips.wxhoutai.com/application/index/controller/Index.php ]
[ info ] [ VIEW ] /data/wwwroot/az-ips.wxhoutai.com/public/../application/index/view/index/index.html [ array (
  0 => 'user',
  1 => 'site',
  2 => 'config',
) ]
[ info ] [ BEHAVIOR ] Run \addons\cms\Cms @view_filter [ RunTime:0.000015s ]
[ info ] [ LOG ] INIT File
---------------------------------------------------------------
[ 2020-08-29T02:03:18+08:00 ] 108.178.61.58 GET 81.68.172.225/
[运行时间：0.002911s] [吞吐率：343.51req/s] [内存消耗：459.31kb] [文件加载：127]
[ info ] [ BEHAVIOR ] Run Closure @app_init [ RunTime:0.000016s ]
[ info ] [ CACHE ] INIT File
[ info ] [ BEHAVIOR ] Run \addons\cms\Cms @app_init [ RunTime:0.000136s ]
[ info ] [ BEHAVIOR ] Run Closure @app_init [ RunTime:0.000146s ]
[ info ] [ LANG ] /data/wwwroot/az-ips.wxhoutai.com/thinkphp/lang/zh-cn.php
[ info ] [ BEHAVIOR ] Run app\common\behavior\Common @app_dispatch [ RunTime:0.000027s ]
[ info ] [ ROUTE ] array (
  'type' => 'module',
  'module' => 
  array (
    0 => '',
    1 => NULL,
    2 => NULL,
  ),
)
[ info ] [ HEADER ] array (
  'accept-encoding' => 'gzip',
  'accept' => '*/*',
  'user-agent' => 'Mozilla/5.0 (Windows NT 10.0; WOW64) AppleWebKit/537.36 (KHTML, like Gecko) Chrome/66.0.3359.117 Safari/537.36',
  'host' => '81.68.172.225',
  'content-type' => '',
  'content-length' => '',
)
[ info ] [ PARAM ] array (
)
[ info ] [ LANG ] /data/wwwroot/az-ips.wxhoutai.com/public/../application/index/lang/zh-cn.php
[ info ] [ BEHAVIOR ] Run app\common\behavior\Common @module_init [ RunTime:0.000051s ]
[ info ] [ LANG ] /data/wwwroot/az-ips.wxhoutai.com/public/../application/index/lang/zh-cn/index.php
[ info ] [ RUN ] app\index\controller\Index->index[ /data/wwwroot/az-ips.wxhoutai.com/application/index/controller/Index.php ]
[ info ] [ VIEW ] /data/wwwroot/az-ips.wxhoutai.com/public/../application/index/view/index/index.html [ array (
  0 => 'user',
  1 => 'site',
  2 => 'config',
) ]
[ info ] [ BEHAVIOR ] Run \addons\cms\Cms @view_filter [ RunTime:0.000026s ]
[ info ] [ LOG ] INIT File
---------------------------------------------------------------
[ 2020-08-29T02:52:30+08:00 ] 193.118.53.202 GET 81.68.172.225/
[运行时间：0.002941s] [吞吐率：340.01req/s] [内存消耗：459.38kb] [文件加载：127]
[ info ] [ BEHAVIOR ] Run Closure @app_init [ RunTime:0.000017s ]
[ info ] [ CACHE ] INIT File
[ info ] [ BEHAVIOR ] Run \addons\cms\Cms @app_init [ RunTime:0.000143s ]
[ info ] [ BEHAVIOR ] Run Closure @app_init [ RunTime:0.000153s ]
[ info ] [ LANG ] /data/wwwroot/az-ips.wxhoutai.com/thinkphp/lang/zh-cn.php
[ info ] [ BEHAVIOR ] Run app\common\behavior\Common @app_dispatch [ RunTime:0.000024s ]
[ info ] [ ROUTE ] array (
  'type' => 'module',
  'module' => 
  array (
    0 => '',
    1 => NULL,
    2 => NULL,
  ),
)
[ info ] [ HEADER ] array (
  'accept-encoding' => 'gzip',
  'accept' => '*/*',
  'user-agent' => 'Mozilla/5.0 (Windows NT 10.0; Win64; x64) AppleWebKit/537.36 (KHTML, like Gecko) Chrome/60.0.3112.113 Safari/537.36',
  'host' => '81.68.172.225',
  'content-type' => '',
  'content-length' => '',
)
[ info ] [ PARAM ] array (
)
[ info ] [ LANG ] /data/wwwroot/az-ips.wxhoutai.com/public/../application/index/lang/zh-cn.php
[ info ] [ BEHAVIOR ] Run app\common\behavior\Common @module_init [ RunTime:0.000050s ]
[ info ] [ LANG ] /data/wwwroot/az-ips.wxhoutai.com/public/../application/index/lang/zh-cn/index.php
[ info ] [ RUN ] app\index\controller\Index->index[ /data/wwwroot/az-ips.wxhoutai.com/application/index/controller/Index.php ]
[ info ] [ VIEW ] /data/wwwroot/az-ips.wxhoutai.com/public/../application/index/view/index/index.html [ array (
  0 => 'user',
  1 => 'site',
  2 => 'config',
) ]
[ info ] [ BEHAVIOR ] Run \addons\cms\Cms @view_filter [ RunTime:0.000017s ]
[ info ] [ LOG ] INIT File
---------------------------------------------------------------
[ 2020-08-29T02:56:48+08:00 ] 180.149.125.169 GET 81.68.172.225:443/
[运行时间：0.003230s] [吞吐率：309.59req/s] [内存消耗：459.38kb] [文件加载：127]
[ info ] [ BEHAVIOR ] Run Closure @app_init [ RunTime:0.000020s ]
[ info ] [ CACHE ] INIT File
[ info ] [ BEHAVIOR ] Run \addons\cms\Cms @app_init [ RunTime:0.000182s ]
[ info ] [ BEHAVIOR ] Run Closure @app_init [ RunTime:0.000194s ]
[ info ] [ LANG ] /data/wwwroot/az-ips.wxhoutai.com/thinkphp/lang/zh-cn.php
[ info ] [ BEHAVIOR ] Run app\common\behavior\Common @app_dispatch [ RunTime:0.000025s ]
[ info ] [ ROUTE ] array (
  'type' => 'module',
  'module' => 
  array (
    0 => '',
    1 => NULL,
    2 => NULL,
  ),
)
[ info ] [ HEADER ] array (
  'accept-encoding' => 'gzip',
  'accept' => '*/*',
  'user-agent' => 'Mozilla/5.0 (Windows NT 5.1; Win64; x64) AppleWebKit/537.36 (KHTML, like Gecko) Chrome/60.0.3112.90 Safari/537.36',
  'host' => '81.68.172.225:443',
  'content-type' => '',
  'content-length' => '',
)
[ info ] [ PARAM ] array (
)
[ info ] [ LANG ] /data/wwwroot/az-ips.wxhoutai.com/public/../application/index/lang/zh-cn.php
[ info ] [ BEHAVIOR ] Run app\common\behavior\Common @module_init [ RunTime:0.000050s ]
[ info ] [ LANG ] /data/wwwroot/az-ips.wxhoutai.com/public/../application/index/lang/zh-cn/index.php
[ info ] [ RUN ] app\index\controller\Index->index[ /data/wwwroot/az-ips.wxhoutai.com/application/index/controller/Index.php ]
[ info ] [ VIEW ] /data/wwwroot/az-ips.wxhoutai.com/public/../application/index/view/index/index.html [ array (
  0 => 'user',
  1 => 'site',
  2 => 'config',
) ]
[ info ] [ BEHAVIOR ] Run \addons\cms\Cms @view_filter [ RunTime:0.000016s ]
[ info ] [ LOG ] INIT File
---------------------------------------------------------------
[ 2020-08-29T05:38:45+08:00 ] 192.241.220.149 GET 81.68.172.225/login
[运行时间：0.002814s] [吞吐率：355.36req/s] [内存消耗：342.84kb] [文件加载：117]
[ info ] [ BEHAVIOR ] Run Closure @app_init [ RunTime:0.000016s ]
[ info ] [ CACHE ] INIT File
[ info ] [ BEHAVIOR ] Run \addons\cms\Cms @app_init [ RunTime:0.000145s ]
[ info ] [ BEHAVIOR ] Run Closure @app_init [ RunTime:0.000156s ]
[ info ] [ LANG ] /data/wwwroot/az-ips.wxhoutai.com/thinkphp/lang/zh-cn.php
[ info ] [ BEHAVIOR ] Run app\common\behavior\Common @app_dispatch [ RunTime:0.000027s ]
[ info ] [ ROUTE ] array (
  'type' => 'module',
  'module' => 
  array (
    0 => 'login',
    1 => NULL,
    2 => NULL,
  ),
)
[ info ] [ HEADER ] array (
  'accept-encoding' => 'gzip',
  'accept' => '*/*',
  'user-agent' => 'Mozilla/5.0 zgrab/0.x',
  'host' => '81.68.172.225',
  'content-type' => '',
  'content-length' => '',
)
[ info ] [ PARAM ] array (
)
[ info ] [ LOG ] INIT File
---------------------------------------------------------------
[ 2020-08-29T06:09:52+08:00 ] 83.97.20.35 GET 81.68.172.225/
[运行时间：0.002930s] [吞吐率：341.31req/s] [内存消耗：458.68kb] [文件加载：127]
[ info ] [ BEHAVIOR ] Run Closure @app_init [ RunTime:0.000016s ]
[ info ] [ CACHE ] INIT File
[ info ] [ BEHAVIOR ] Run \addons\cms\Cms @app_init [ RunTime:0.000142s ]
[ info ] [ BEHAVIOR ] Run Closure @app_init [ RunTime:0.000152s ]
[ info ] [ LANG ] /data/wwwroot/az-ips.wxhoutai.com/thinkphp/lang/zh-cn.php
[ info ] [ BEHAVIOR ] Run app\common\behavior\Common @app_dispatch [ RunTime:0.000023s ]
[ info ] [ ROUTE ] array (
  'type' => 'module',
  'module' => 
  array (
    0 => '',
    1 => NULL,
    2 => NULL,
  ),
)
[ info ] [ HEADER ] array (
  'connection' => 'close',
  'host' => '81.68.172.225',
  'content-type' => '',
  'content-length' => '',
)
[ info ] [ PARAM ] array (
)
[ info ] [ LANG ] /data/wwwroot/az-ips.wxhoutai.com/public/../application/index/lang/zh-cn.php
[ info ] [ BEHAVIOR ] Run app\common\behavior\Common @module_init [ RunTime:0.000051s ]
[ info ] [ LANG ] /data/wwwroot/az-ips.wxhoutai.com/public/../application/index/lang/zh-cn/index.php
[ info ] [ RUN ] app\index\controller\Index->index[ /data/wwwroot/az-ips.wxhoutai.com/application/index/controller/Index.php ]
[ info ] [ VIEW ] /data/wwwroot/az-ips.wxhoutai.com/public/../application/index/view/index/index.html [ array (
  0 => 'user',
  1 => 'site',
  2 => 'config',
) ]
[ info ] [ BEHAVIOR ] Run \addons\cms\Cms @view_filter [ RunTime:0.000016s ]
[ info ] [ LOG ] INIT File
---------------------------------------------------------------
[ 2020-08-29T07:33:25+08:00 ] 94.102.56.181 GET 81.68.172.225:443/
[运行时间：0.002905s] [吞吐率：344.22req/s] [内存消耗：458.94kb] [文件加载：127]
[ info ] [ BEHAVIOR ] Run Closure @app_init [ RunTime:0.000015s ]
[ info ] [ CACHE ] INIT File
[ info ] [ BEHAVIOR ] Run \addons\cms\Cms @app_init [ RunTime:0.000132s ]
[ info ] [ BEHAVIOR ] Run Closure @app_init [ RunTime:0.000142s ]
[ info ] [ LANG ] /data/wwwroot/az-ips.wxhoutai.com/thinkphp/lang/zh-cn.php
[ info ] [ BEHAVIOR ] Run app\common\behavior\Common @app_dispatch [ RunTime:0.000022s ]
[ info ] [ ROUTE ] array (
  'type' => 'module',
  'module' => 
  array (
    0 => '',
    1 => NULL,
    2 => NULL,
  ),
)
[ info ] [ HEADER ] array (
  'user-agent' => 'libwww-perl/6.46',
  'host' => '81.68.172.225:443',
  'connection' => 'TE, close',
  'te' => 'deflate,gzip;q=0.3',
  'content-type' => '',
  'content-length' => '',
)
[ info ] [ PARAM ] array (
)
[ info ] [ LANG ] /data/wwwroot/az-ips.wxhoutai.com/public/../application/index/lang/zh-cn.php
[ info ] [ BEHAVIOR ] Run app\common\behavior\Common @module_init [ RunTime:0.000062s ]
[ info ] [ LANG ] /data/wwwroot/az-ips.wxhoutai.com/public/../application/index/lang/zh-cn/index.php
[ info ] [ RUN ] app\index\controller\Index->index[ /data/wwwroot/az-ips.wxhoutai.com/application/index/controller/Index.php ]
[ info ] [ VIEW ] /data/wwwroot/az-ips.wxhoutai.com/public/../application/index/view/index/index.html [ array (
  0 => 'user',
  1 => 'site',
  2 => 'config',
) ]
[ info ] [ BEHAVIOR ] Run \addons\cms\Cms @view_filter [ RunTime:0.000017s ]
[ info ] [ LOG ] INIT File
---------------------------------------------------------------
[ 2020-08-29T08:40:42+08:00 ] 83.97.20.31 GET 0/
[运行时间：0.002841s] [吞吐率：351.99req/s] [内存消耗：458.68kb] [文件加载：127]
[ info ] [ BEHAVIOR ] Run Closure @app_init [ RunTime:0.000016s ]
[ info ] [ CACHE ] INIT File
[ info ] [ BEHAVIOR ] Run \addons\cms\Cms @app_init [ RunTime:0.000150s ]
[ info ] [ BEHAVIOR ] Run Closure @app_init [ RunTime:0.000160s ]
[ info ] [ LANG ] /data/wwwroot/az-ips.wxhoutai.com/thinkphp/lang/zh-cn.php
[ info ] [ BEHAVIOR ] Run app\common\behavior\Common @app_dispatch [ RunTime:0.000022s ]
[ info ] [ ROUTE ] array (
  'type' => 'module',
  'module' => 
  array (
    0 => '',
    1 => NULL,
    2 => NULL,
  ),
)
[ info ] [ HEADER ] array (
  'connection' => 'close',
  'host' => '0',
  'content-type' => '',
  'content-length' => '',
)
[ info ] [ PARAM ] array (
)
[ info ] [ LANG ] /data/wwwroot/az-ips.wxhoutai.com/public/../application/index/lang/zh-cn.php
[ info ] [ BEHAVIOR ] Run app\common\behavior\Common @module_init [ RunTime:0.000050s ]
[ info ] [ LANG ] /data/wwwroot/az-ips.wxhoutai.com/public/../application/index/lang/zh-cn/index.php
[ info ] [ RUN ] app\index\controller\Index->index[ /data/wwwroot/az-ips.wxhoutai.com/application/index/controller/Index.php ]
[ info ] [ VIEW ] /data/wwwroot/az-ips.wxhoutai.com/public/../application/index/view/index/index.html [ array (
  0 => 'user',
  1 => 'site',
  2 => 'config',
) ]
[ info ] [ BEHAVIOR ] Run \addons\cms\Cms @view_filter [ RunTime:0.000016s ]
[ info ] [ LOG ] INIT File
---------------------------------------------------------------
[ 2020-08-29T10:42:46+08:00 ] 162.243.128.198 GET 81.68.172.225/owa/auth/logon.aspx?url=https%3a%2f%2f1%2fecp%2f
[运行时间：0.002701s] [吞吐率：370.23req/s] [内存消耗：343.37kb] [文件加载：117]
[ info ] [ BEHAVIOR ] Run Closure @app_init [ RunTime:0.000017s ]
[ info ] [ CACHE ] INIT File
[ info ] [ BEHAVIOR ] Run \addons\cms\Cms @app_init [ RunTime:0.000140s ]
[ info ] [ BEHAVIOR ] Run Closure @app_init [ RunTime:0.000151s ]
[ info ] [ LANG ] /data/wwwroot/az-ips.wxhoutai.com/thinkphp/lang/zh-cn.php
[ info ] [ BEHAVIOR ] Run app\common\behavior\Common @app_dispatch [ RunTime:0.000039s ]
[ info ] [ ROUTE ] array (
  'type' => 'module',
  'module' => 
  array (
    0 => 'owa',
    1 => 'auth',
    2 => 'logon.aspx',
  ),
)
[ info ] [ HEADER ] array (
  'accept-encoding' => 'gzip',
  'accept' => '*/*',
  'user-agent' => 'Mozilla/5.0 zgrab/0.x',
  'host' => '81.68.172.225',
  'content-type' => '',
  'content-length' => '',
)
[ info ] [ PARAM ] array (
  'url' => 'https://1/ecp/',
)
[ info ] [ LOG ] INIT File
---------------------------------------------------------------
[ 2020-08-29T11:30:41+08:00 ] 68.183.192.247 GET 81.68.172.225/api/v1
[运行时间：0.003248s] [吞吐率：307.88req/s] [内存消耗：358.59kb] [文件加载：122]
[ info ] [ BEHAVIOR ] Run Closure @app_init [ RunTime:0.000016s ]
[ info ] [ CACHE ] INIT File
[ info ] [ BEHAVIOR ] Run \addons\cms\Cms @app_init [ RunTime:0.000141s ]
[ info ] [ BEHAVIOR ] Run Closure @app_init [ RunTime:0.000163s ]
[ info ] [ LANG ] /data/wwwroot/az-ips.wxhoutai.com/thinkphp/lang/zh-cn.php
[ info ] [ BEHAVIOR ] Run app\common\behavior\Common @app_dispatch [ RunTime:0.000027s ]
[ info ] [ ROUTE ] array (
  'type' => 'module',
  'module' => 
  array (
    0 => 'api',
    1 => 'v1',
    2 => NULL,
  ),
)
[ info ] [ HEADER ] array (
  'connection' => 'keep-alive',
  'accept' => '*/*',
  'accept-encoding' => 'gzip, deflate',
  'user-agent' => 'python-requests/2.22.0',
  'host' => '81.68.172.225',
  'content-type' => '',
  'content-length' => '',
)
[ info ] [ PARAM ] array (
)
[ info ] [ LANG ] /data/wwwroot/az-ips.wxhoutai.com/public/../application/api/lang/zh-cn.php
[ info ] [ BEHAVIOR ] Run app\common\behavior\Common @module_init [ RunTime:0.000051s ]
[ info ] [ LOG ] INIT File
---------------------------------------------------------------
[ 2020-08-29T12:01:32+08:00 ] 193.118.53.210 GET 81.68.172.225/
[运行时间：0.002918s] [吞吐率：342.70req/s] [内存消耗：459.38kb] [文件加载：127]
[ info ] [ BEHAVIOR ] Run Closure @app_init [ RunTime:0.000016s ]
[ info ] [ CACHE ] INIT File
[ info ] [ BEHAVIOR ] Run \addons\cms\Cms @app_init [ RunTime:0.000139s ]
[ info ] [ BEHAVIOR ] Run Closure @app_init [ RunTime:0.000161s ]
[ info ] [ LANG ] /data/wwwroot/az-ips.wxhoutai.com/thinkphp/lang/zh-cn.php
[ info ] [ BEHAVIOR ] Run app\common\behavior\Common @app_dispatch [ RunTime:0.000023s ]
[ info ] [ ROUTE ] array (
  'type' => 'module',
  'module' => 
  array (
    0 => '',
    1 => NULL,
    2 => NULL,
  ),
)
[ info ] [ HEADER ] array (
  'accept-encoding' => 'gzip',
  'accept' => '*/*',
  'user-agent' => 'Mozilla/5.0 (Windows NT 10.0; Win64; x64) AppleWebKit/537.36 (KHTML, like Gecko) Chrome/60.0.3112.113 Safari/537.36',
  'host' => '81.68.172.225',
  'content-type' => '',
  'content-length' => '',
)
[ info ] [ PARAM ] array (
)
[ info ] [ LANG ] /data/wwwroot/az-ips.wxhoutai.com/public/../application/index/lang/zh-cn.php
[ info ] [ BEHAVIOR ] Run app\common\behavior\Common @module_init [ RunTime:0.000051s ]
[ info ] [ LANG ] /data/wwwroot/az-ips.wxhoutai.com/public/../application/index/lang/zh-cn/index.php
[ info ] [ RUN ] app\index\controller\Index->index[ /data/wwwroot/az-ips.wxhoutai.com/application/index/controller/Index.php ]
[ info ] [ VIEW ] /data/wwwroot/az-ips.wxhoutai.com/public/../application/index/view/index/index.html [ array (
  0 => 'user',
  1 => 'site',
  2 => 'config',
) ]
[ info ] [ BEHAVIOR ] Run \addons\cms\Cms @view_filter [ RunTime:0.000017s ]
[ info ] [ LOG ] INIT File
---------------------------------------------------------------
[ 2020-08-29T12:17:05+08:00 ] 23.90.145.44 GET 81.68.172.225/
[运行时间：0.002937s] [吞吐率：340.50req/s] [内存消耗：458.61kb] [文件加载：127]
[ info ] [ BEHAVIOR ] Run Closure @app_init [ RunTime:0.000016s ]
[ info ] [ CACHE ] INIT File
[ info ] [ BEHAVIOR ] Run \addons\cms\Cms @app_init [ RunTime:0.000145s ]
[ info ] [ BEHAVIOR ] Run Closure @app_init [ RunTime:0.000155s ]
[ info ] [ LANG ] /data/wwwroot/az-ips.wxhoutai.com/thinkphp/lang/zh-cn.php
[ info ] [ BEHAVIOR ] Run app\common\behavior\Common @app_dispatch [ RunTime:0.000026s ]
[ info ] [ ROUTE ] array (
  'type' => 'module',
  'module' => 
  array (
    0 => '',
    1 => NULL,
    2 => NULL,
  ),
)
[ info ] [ HEADER ] array (
  'host' => '81.68.172.225',
  'content-type' => '',
  'content-length' => '',
)
[ info ] [ PARAM ] array (
)
[ info ] [ LANG ] /data/wwwroot/az-ips.wxhoutai.com/public/../application/index/lang/zh-cn.php
[ info ] [ BEHAVIOR ] Run app\common\behavior\Common @module_init [ RunTime:0.000052s ]
[ info ] [ LANG ] /data/wwwroot/az-ips.wxhoutai.com/public/../application/index/lang/zh-cn/index.php
[ info ] [ RUN ] app\index\controller\Index->index[ /data/wwwroot/az-ips.wxhoutai.com/application/index/controller/Index.php ]
[ info ] [ VIEW ] /data/wwwroot/az-ips.wxhoutai.com/public/../application/index/view/index/index.html [ array (
  0 => 'user',
  1 => 'site',
  2 => 'config',
) ]
[ info ] [ BEHAVIOR ] Run \addons\cms\Cms @view_filter [ RunTime:0.000016s ]
[ info ] [ LOG ] INIT File
---------------------------------------------------------------
[ 2020-08-29T14:35:46+08:00 ] 140.207.23.154 POST az-ips.wxhoutai.com/addons/cms/wxapp.user/doctor
[运行时间：0.010380s] [吞吐率：96.34req/s] [内存消耗：703.87kb] [文件加载：144]
[ info ] [ BEHAVIOR ] Run Closure @app_init [ RunTime:0.000009s ]
[ info ] [ CACHE ] INIT File
[ info ] [ BEHAVIOR ] Run \addons\cms\Cms @app_init [ RunTime:0.000112s ]
[ info ] [ BEHAVIOR ] Run Closure @app_init [ RunTime:0.000124s ]
[ info ] [ LANG ] /data/wwwroot/az-ips.wxhoutai.com/thinkphp/lang/zh-cn.php
[ info ] [ BEHAVIOR ] Run app\common\behavior\Common @app_dispatch [ RunTime:0.000017s ]
[ info ] [ ROUTE ] array (
  'type' => 'method',
  'method' => 
  array (
    0 => '\\think\\addons\\Route',
    1 => 'execute',
  ),
  'var' => 
  array (
  ),
)
[ info ] [ HEADER ] array (
  'referer' => 'https://servicewechat.com/wxbab5275ba592258f/0/page-frame.html',
  'accept-encoding' => 'gzip,compress,br,deflate',
  'content-type' => 'application/x-www-form-urlencoded',
  'user-agent' => 'Mozilla/5.0 (Linux; Android 9; HWI-AL00 Build/HUAWEIHWI-AL00; wv) AppleWebKit/537.36 (KHTML, like Gecko) Version/4.0 Chrome/78.0.3904.62 XWEB/2581 MMWEBSDK/200801 Mobile Safari/537.36 MMWEBID/5273 MicroMessenger/7.0.18.1740(0x27001235) Process/appbrand0 WeChat/arm64 NetType/4G Language/zh_CN ABI/arm64',
  'cookie' => 'PHPSESSID=1vv184mm65k8aqetb0ctfkbp26; path=/',
  'charset' => 'utf-8',
  'content-length' => '38',
  'connection' => 'keep-alive',
  'host' => 'az-ips.wxhoutai.com',
)
[ info ] [ PARAM ] array (
  'id' => '3',
  'user_id' => '3',
  'token' => 'undefined',
  '_ajax' => '1',
  'addon' => 'cms',
  'controller' => 'wxapp.user',
  'action' => 'doctor',
)
[ info ] [ RUN ] think\addons\Route->execute[ /data/wwwroot/az-ips.wxhoutai.com/vendor/karsonzhang/fastadmin-addons/src/addons/Route.php ]
[ info ] [ LANG ] /data/wwwroot/az-ips.wxhoutai.com/public/../application/common/lang/zh-cn/addon.php
[ info ] [ BEHAVIOR ] Run app\common\behavior\Common @addon_begin [ RunTime:0.000055s ]
[ info ] [ TOKEN ] INIT Mysql
[ info ] [ DB ] INIT mysql
[ info ] [ LANG ] /data/wwwroot/az-ips.wxhoutai.com//addons/cms/lang/zh-cn.php
[ info ] [ LANG ] /data/wwwroot/az-ips.wxhoutai.com/public/../application//index/lang/zh-cn/user.php
[ info ] [ LOG ] INIT File
---------------------------------------------------------------
[ 2020-08-29T14:35:46+08:00 ] 140.207.23.154 POST az-ips.wxhoutai.com/addons/cms/wxapp.common/init
[运行时间：0.015828s] [吞吐率：63.18req/s] [内存消耗：722.24kb] [文件加载：138]
[ info ] [ BEHAVIOR ] Run Closure @app_init [ RunTime:0.000017s ]
[ info ] [ CACHE ] INIT File
[ info ] [ BEHAVIOR ] Run \addons\cms\Cms @app_init [ RunTime:0.000145s ]
[ info ] [ BEHAVIOR ] Run Closure @app_init [ RunTime:0.000155s ]
[ info ] [ LANG ] /data/wwwroot/az-ips.wxhoutai.com/thinkphp/lang/zh-cn.php
[ info ] [ BEHAVIOR ] Run app\common\behavior\Common @app_dispatch [ RunTime:0.000025s ]
[ info ] [ ROUTE ] array (
  'type' => 'method',
  'method' => 
  array (
    0 => '\\think\\addons\\Route',
    1 => 'execute',
  ),
  'var' => 
  array (
  ),
)
[ info ] [ HEADER ] array (
  'referer' => 'https://servicewechat.com/wxbab5275ba592258f/0/page-frame.html',
  'accept-encoding' => 'gzip,compress,br,deflate',
  'content-type' => 'application/x-www-form-urlencoded',
  'user-agent' => 'Mozilla/5.0 (Linux; Android 9; HWI-AL00 Build/HUAWEIHWI-AL00; wv) AppleWebKit/537.36 (KHTML, like Gecko) Version/4.0 Chrome/78.0.3904.62 XWEB/2581 MMWEBSDK/200801 Mobile Safari/537.36 MMWEBID/5273 MicroMessenger/7.0.18.1740(0x27001235) Process/appbrand0 WeChat/arm64 NetType/4G Language/zh_CN ABI/arm64',
  'cookie' => 'PHPSESSID=1vv184mm65k8aqetb0ctfkbp26; path=/',
  'charset' => 'utf-8',
  'content-length' => '7',
  'connection' => 'keep-alive',
  'host' => 'az-ips.wxhoutai.com',
)
[ info ] [ PARAM ] array (
  '_ajax' => '1',
  'addon' => 'cms',
  'controller' => 'wxapp.common',
  'action' => 'init',
)
[ info ] [ RUN ] think\addons\Route->execute[ /data/wwwroot/az-ips.wxhoutai.com/vendor/karsonzhang/fastadmin-addons/src/addons/Route.php ]
[ info ] [ LANG ] /data/wwwroot/az-ips.wxhoutai.com/public/../application/common/lang/zh-cn/addon.php
[ info ] [ BEHAVIOR ] Run app\common\behavior\Common @addon_begin [ RunTime:0.000085s ]
[ info ] [ LANG ] /data/wwwroot/az-ips.wxhoutai.com//addons/cms/lang/zh-cn.php
[ info ] [ LANG ] /data/wwwroot/az-ips.wxhoutai.com/public/../application//index/lang/zh-cn/user.php
[ info ] [ DB ] INIT mysql
[ info ] [ LOG ] INIT File
---------------------------------------------------------------
[ 2020-08-29T14:35:46+08:00 ] 140.207.23.154 POST az-ips.wxhoutai.com/addons/cms/wxapp.archives/index
[运行时间：0.008939s] [吞吐率：111.87req/s] [内存消耗：756.60kb] [文件加载：149]
[ info ] [ BEHAVIOR ] Run Closure @app_init [ RunTime:0.000011s ]
[ info ] [ CACHE ] INIT File
[ info ] [ BEHAVIOR ] Run \addons\cms\Cms @app_init [ RunTime:0.000089s ]
[ info ] [ BEHAVIOR ] Run Closure @app_init [ RunTime:0.000099s ]
[ info ] [ LANG ] /data/wwwroot/az-ips.wxhoutai.com/thinkphp/lang/zh-cn.php
[ info ] [ BEHAVIOR ] Run app\common\behavior\Common @app_dispatch [ RunTime:0.000017s ]
[ info ] [ ROUTE ] array (
  'type' => 'method',
  'method' => 
  array (
    0 => '\\think\\addons\\Route',
    1 => 'execute',
  ),
  'var' => 
  array (
  ),
)
[ info ] [ HEADER ] array (
  'referer' => 'https://servicewechat.com/wxbab5275ba592258f/0/page-frame.html',
  'accept-encoding' => 'gzip,compress,br,deflate',
  'content-type' => 'application/x-www-form-urlencoded',
  'user-agent' => 'Mozilla/5.0 (Linux; Android 9; HWI-AL00 Build/HUAWEIHWI-AL00; wv) AppleWebKit/537.36 (KHTML, like Gecko) Version/4.0 Chrome/78.0.3904.62 XWEB/2581 MMWEBSDK/200801 Mobile Safari/537.36 MMWEBID/5273 MicroMessenger/7.0.18.1740(0x27001235) Process/appbrand0 WeChat/arm64 NetType/4G Language/zh_CN ABI/arm64',
  'cookie' => 'PHPSESSID=1vv184mm65k8aqetb0ctfkbp26; path=/',
  'charset' => 'utf-8',
  'content-length' => '43',
  'connection' => 'keep-alive',
  'host' => 'az-ips.wxhoutai.com',
)
[ info ] [ PARAM ] array (
  'channel' => '4',
  'user_id' => '3',
  'token' => 'undefined',
  '_ajax' => '1',
  'addon' => 'cms',
  'controller' => 'wxapp.archives',
  'action' => 'index',
)
[ info ] [ RUN ] think\addons\Route->execute[ /data/wwwroot/az-ips.wxhoutai.com/vendor/karsonzhang/fastadmin-addons/src/addons/Route.php ]
[ info ] [ LANG ] /data/wwwroot/az-ips.wxhoutai.com/public/../application/common/lang/zh-cn/addon.php
[ info ] [ BEHAVIOR ] Run app\common\behavior\Common @addon_begin [ RunTime:0.000056s ]
[ info ] [ TOKEN ] INIT Mysql
[ info ] [ DB ] INIT mysql
[ info ] [ LANG ] /data/wwwroot/az-ips.wxhoutai.com//addons/cms/lang/zh-cn.php
[ info ] [ LANG ] /data/wwwroot/az-ips.wxhoutai.com/public/../application//index/lang/zh-cn/user.php
[ info ] [ LOG ] INIT File
---------------------------------------------------------------
[ 2020-08-29T14:35:47+08:00 ] 140.207.23.154 GET az-ips.wxhoutai.com/
[运行时间：0.002479s] [吞吐率：403.41req/s] [内存消耗：461.73kb] [文件加载：127]
[ info ] [ BEHAVIOR ] Run Closure @app_init [ RunTime:0.000015s ]
[ info ] [ CACHE ] INIT File
[ info ] [ BEHAVIOR ] Run \addons\cms\Cms @app_init [ RunTime:0.000147s ]
[ info ] [ BEHAVIOR ] Run Closure @app_init [ RunTime:0.000157s ]
[ info ] [ LANG ] /data/wwwroot/az-ips.wxhoutai.com/thinkphp/lang/zh-cn.php
[ info ] [ BEHAVIOR ] Run app\common\behavior\Common @app_dispatch [ RunTime:0.000017s ]
[ info ] [ ROUTE ] array (
  'type' => 'module',
  'module' => 
  array (
    0 => '',
    1 => NULL,
    2 => NULL,
  ),
)
[ info ] [ HEADER ] array (
  'accept-language' => 'zh-CN,zh;q=0.9,en-US;q=0.8,en;q=0.7',
  'accept-encoding' => 'gzip, deflate',
  'referer' => 'https://servicewechat.com/wxbab5275ba592258f/0/page-frame.html',
  'sec-fetch-mode' => 'no-cors',
  'sec-fetch-site' => 'cross-site',
  'x-requested-with' => 'com.tencent.mm',
  'accept' => 'image/wxpic,image/tpg,image/wxpic,image/tpg,image/webp,image/apng,image/*,*/*;q=0.8',
  'user-agent' => 'Mozilla/5.0 (Linux; Android 9; HWI-AL00 Build/HUAWEIHWI-AL00; wv) AppleWebKit/537.36 (KHTML, like Gecko) Version/4.0 Chrome/78.0.3904.62 XWEB/2581 MMWEBSDK/200801 Mobile Safari/537.36 MMWEBID/5273 MicroMessenger/7.0.18.1740(0x27001235) Process/appbrand0 WeChat/arm64 NetType/4G Language/zh_CN ABI/arm64',
  'host' => 'az-ips.wxhoutai.com',
  'content-type' => '',
  'content-length' => '',
)
[ info ] [ PARAM ] array (
)
[ info ] [ LANG ] /data/wwwroot/az-ips.wxhoutai.com/public/../application/index/lang/zh-cn.php
[ info ] [ BEHAVIOR ] Run app\common\behavior\Common @module_init [ RunTime:0.000051s ]
[ info ] [ LANG ] /data/wwwroot/az-ips.wxhoutai.com/public/../application/index/lang/zh-cn/index.php
[ info ] [ RUN ] app\index\controller\Index->index[ /data/wwwroot/az-ips.wxhoutai.com/application/index/controller/Index.php ]
[ info ] [ VIEW ] /data/wwwroot/az-ips.wxhoutai.com/public/../application/index/view/index/index.html [ array (
  0 => 'user',
  1 => 'site',
  2 => 'config',
) ]
[ info ] [ BEHAVIOR ] Run \addons\cms\Cms @view_filter [ RunTime:0.000017s ]
[ info ] [ LOG ] INIT File
---------------------------------------------------------------
[ 2020-08-29T14:36:04+08:00 ] 140.207.23.154 POST az-ips.wxhoutai.com/addons/cms/wxapp.user/doctor
[运行时间：0.005648s] [吞吐率：177.05req/s] [内存消耗：703.94kb] [文件加载：144]
[ info ] [ BEHAVIOR ] Run Closure @app_init [ RunTime:0.000020s ]
[ info ] [ CACHE ] INIT File
[ info ] [ BEHAVIOR ] Run \addons\cms\Cms @app_init [ RunTime:0.000184s ]
[ info ] [ BEHAVIOR ] Run Closure @app_init [ RunTime:0.000194s ]
[ info ] [ LANG ] /data/wwwroot/az-ips.wxhoutai.com/thinkphp/lang/zh-cn.php
[ info ] [ BEHAVIOR ] Run app\common\behavior\Common @app_dispatch [ RunTime:0.000024s ]
[ info ] [ ROUTE ] array (
  'type' => 'method',
  'method' => 
  array (
    0 => '\\think\\addons\\Route',
    1 => 'execute',
  ),
  'var' => 
  array (
  ),
)
[ info ] [ HEADER ] array (
  'referer' => 'https://servicewechat.com/wxbab5275ba592258f/0/page-frame.html',
  'accept-encoding' => 'gzip,compress,br,deflate',
  'content-type' => 'application/x-www-form-urlencoded',
  'user-agent' => 'Mozilla/5.0 (Linux; Android 9; HWI-AL00 Build/HUAWEIHWI-AL00; wv) AppleWebKit/537.36 (KHTML, like Gecko) Version/4.0 Chrome/78.0.3904.62 XWEB/2581 MMWEBSDK/200801 Mobile Safari/537.36 MMWEBID/5273 MicroMessenger/7.0.18.1740(0x27001235) Process/appbrand0 WeChat/arm64 NetType/4G Language/zh_CN ABI/arm64',
  'cookie' => 'PHPSESSID=1vv184mm65k8aqetb0ctfkbp26; path=/',
  'charset' => 'utf-8',
  'content-length' => '38',
  'connection' => 'keep-alive',
  'host' => 'az-ips.wxhoutai.com',
)
[ info ] [ PARAM ] array (
  'id' => '1',
  'user_id' => '3',
  'token' => 'undefined',
  '_ajax' => '1',
  'addon' => 'cms',
  'controller' => 'wxapp.user',
  'action' => 'doctor',
)
[ info ] [ RUN ] think\addons\Route->execute[ /data/wwwroot/az-ips.wxhoutai.com/vendor/karsonzhang/fastadmin-addons/src/addons/Route.php ]
[ info ] [ LANG ] /data/wwwroot/az-ips.wxhoutai.com/public/../application/common/lang/zh-cn/addon.php
[ info ] [ BEHAVIOR ] Run app\common\behavior\Common @addon_begin [ RunTime:0.000085s ]
[ info ] [ TOKEN ] INIT Mysql
[ info ] [ DB ] INIT mysql
[ info ] [ LANG ] /data/wwwroot/az-ips.wxhoutai.com//addons/cms/lang/zh-cn.php
[ info ] [ LANG ] /data/wwwroot/az-ips.wxhoutai.com/public/../application//index/lang/zh-cn/user.php
[ info ] [ LOG ] INIT File
---------------------------------------------------------------
[ 2020-08-29T14:36:11+08:00 ] 140.207.23.154 POST az-ips.wxhoutai.com/addons/cms/wxapp.user/doctor
[运行时间：0.004935s] [吞吐率：202.64req/s] [内存消耗：703.87kb] [文件加载：144]
[ info ] [ BEHAVIOR ] Run Closure @app_init [ RunTime:0.000016s ]
[ info ] [ CACHE ] INIT File
[ info ] [ BEHAVIOR ] Run \addons\cms\Cms @app_init [ RunTime:0.000121s ]
[ info ] [ BEHAVIOR ] Run Closure @app_init [ RunTime:0.000133s ]
[ info ] [ LANG ] /data/wwwroot/az-ips.wxhoutai.com/thinkphp/lang/zh-cn.php
[ info ] [ BEHAVIOR ] Run app\common\behavior\Common @app_dispatch [ RunTime:0.000033s ]
[ info ] [ ROUTE ] array (
  'type' => 'method',
  'method' => 
  array (
    0 => '\\think\\addons\\Route',
    1 => 'execute',
  ),
  'var' => 
  array (
  ),
)
[ info ] [ HEADER ] array (
  'referer' => 'https://servicewechat.com/wxbab5275ba592258f/0/page-frame.html',
  'accept-encoding' => 'gzip,compress,br,deflate',
  'content-type' => 'application/x-www-form-urlencoded',
  'user-agent' => 'Mozilla/5.0 (Linux; Android 9; HWI-AL00 Build/HUAWEIHWI-AL00; wv) AppleWebKit/537.36 (KHTML, like Gecko) Version/4.0 Chrome/78.0.3904.62 XWEB/2581 MMWEBSDK/200801 Mobile Safari/537.36 MMWEBID/5273 MicroMessenger/7.0.18.1740(0x27001235) Process/appbrand0 WeChat/arm64 NetType/4G Language/zh_CN ABI/arm64',
  'cookie' => 'PHPSESSID=1vv184mm65k8aqetb0ctfkbp26; path=/',
  'charset' => 'utf-8',
  'content-length' => '38',
  'connection' => 'keep-alive',
  'host' => 'az-ips.wxhoutai.com',
)
[ info ] [ PARAM ] array (
  'id' => '3',
  'user_id' => '3',
  'token' => 'undefined',
  '_ajax' => '1',
  'addon' => 'cms',
  'controller' => 'wxapp.user',
  'action' => 'doctor',
)
[ info ] [ RUN ] think\addons\Route->execute[ /data/wwwroot/az-ips.wxhoutai.com/vendor/karsonzhang/fastadmin-addons/src/addons/Route.php ]
[ info ] [ LANG ] /data/wwwroot/az-ips.wxhoutai.com/public/../application/common/lang/zh-cn/addon.php
[ info ] [ BEHAVIOR ] Run app\common\behavior\Common @addon_begin [ RunTime:0.000075s ]
[ info ] [ TOKEN ] INIT Mysql
[ info ] [ DB ] INIT mysql
[ info ] [ LANG ] /data/wwwroot/az-ips.wxhoutai.com//addons/cms/lang/zh-cn.php
[ info ] [ LANG ] /data/wwwroot/az-ips.wxhoutai.com/public/../application//index/lang/zh-cn/user.php
[ info ] [ LOG ] INIT File
---------------------------------------------------------------
[ 2020-08-29T14:36:11+08:00 ] 140.207.23.154 GET az-ips.wxhoutai.com/
[运行时间：0.002417s] [吞吐率：413.72req/s] [内存消耗：461.73kb] [文件加载：127]
[ info ] [ BEHAVIOR ] Run Closure @app_init [ RunTime:0.000059s ]
[ info ] [ CACHE ] INIT File
[ info ] [ BEHAVIOR ] Run \addons\cms\Cms @app_init [ RunTime:0.000121s ]
[ info ] [ BEHAVIOR ] Run Closure @app_init [ RunTime:0.000132s ]
[ info ] [ LANG ] /data/wwwroot/az-ips.wxhoutai.com/thinkphp/lang/zh-cn.php
[ info ] [ BEHAVIOR ] Run app\common\behavior\Common @app_dispatch [ RunTime:0.000015s ]
[ info ] [ ROUTE ] array (
  'type' => 'module',
  'module' => 
  array (
    0 => '',
    1 => NULL,
    2 => NULL,
  ),
)
[ info ] [ HEADER ] array (
  'accept-language' => 'zh-CN,zh;q=0.9,en-US;q=0.8,en;q=0.7',
  'accept-encoding' => 'gzip, deflate',
  'referer' => 'https://servicewechat.com/wxbab5275ba592258f/0/page-frame.html',
  'sec-fetch-mode' => 'no-cors',
  'sec-fetch-site' => 'cross-site',
  'x-requested-with' => 'com.tencent.mm',
  'accept' => 'image/wxpic,image/tpg,image/wxpic,image/tpg,image/webp,image/apng,image/*,*/*;q=0.8',
  'user-agent' => 'Mozilla/5.0 (Linux; Android 9; HWI-AL00 Build/HUAWEIHWI-AL00; wv) AppleWebKit/537.36 (KHTML, like Gecko) Version/4.0 Chrome/78.0.3904.62 XWEB/2581 MMWEBSDK/200801 Mobile Safari/537.36 MMWEBID/5273 MicroMessenger/7.0.18.1740(0x27001235) Process/appbrand0 WeChat/arm64 NetType/4G Language/zh_CN ABI/arm64',
  'host' => 'az-ips.wxhoutai.com',
  'content-type' => '',
  'content-length' => '',
)
[ info ] [ PARAM ] array (
)
[ info ] [ LANG ] /data/wwwroot/az-ips.wxhoutai.com/public/../application/index/lang/zh-cn.php
[ info ] [ BEHAVIOR ] Run app\common\behavior\Common @module_init [ RunTime:0.000046s ]
[ info ] [ LANG ] /data/wwwroot/az-ips.wxhoutai.com/public/../application/index/lang/zh-cn/index.php
[ info ] [ RUN ] app\index\controller\Index->index[ /data/wwwroot/az-ips.wxhoutai.com/application/index/controller/Index.php ]
[ info ] [ VIEW ] /data/wwwroot/az-ips.wxhoutai.com/public/../application/index/view/index/index.html [ array (
  0 => 'user',
  1 => 'site',
  2 => 'config',
) ]
[ info ] [ BEHAVIOR ] Run \addons\cms\Cms @view_filter [ RunTime:0.000016s ]
[ info ] [ LOG ] INIT File
---------------------------------------------------------------
[ 2020-08-29T14:36:19+08:00 ] 140.207.23.154 POST az-ips.wxhoutai.com/addons/cms/wxapp.user/doctor
[运行时间：0.005229s] [吞吐率：191.24req/s] [内存消耗：703.94kb] [文件加载：144]
[ info ] [ BEHAVIOR ] Run Closure @app_init [ RunTime:0.000017s ]
[ info ] [ CACHE ] INIT File
[ info ] [ BEHAVIOR ] Run \addons\cms\Cms @app_init [ RunTime:0.000134s ]
[ info ] [ BEHAVIOR ] Run Closure @app_init [ RunTime:0.000145s ]
[ info ] [ LANG ] /data/wwwroot/az-ips.wxhoutai.com/thinkphp/lang/zh-cn.php
[ info ] [ BEHAVIOR ] Run app\common\behavior\Common @app_dispatch [ RunTime:0.000020s ]
[ info ] [ ROUTE ] array (
  'type' => 'method',
  'method' => 
  array (
    0 => '\\think\\addons\\Route',
    1 => 'execute',
  ),
  'var' => 
  array (
  ),
)
[ info ] [ HEADER ] array (
  'referer' => 'https://servicewechat.com/wxbab5275ba592258f/0/page-frame.html',
  'accept-encoding' => 'gzip,compress,br,deflate',
  'content-type' => 'application/x-www-form-urlencoded',
  'user-agent' => 'Mozilla/5.0 (Linux; Android 9; HWI-AL00 Build/HUAWEIHWI-AL00; wv) AppleWebKit/537.36 (KHTML, like Gecko) Version/4.0 Chrome/78.0.3904.62 XWEB/2581 MMWEBSDK/200801 Mobile Safari/537.36 MMWEBID/5273 MicroMessenger/7.0.18.1740(0x27001235) Process/appbrand0 WeChat/arm64 NetType/4G Language/zh_CN ABI/arm64',
  'cookie' => 'PHPSESSID=1vv184mm65k8aqetb0ctfkbp26; path=/',
  'charset' => 'utf-8',
  'content-length' => '38',
  'connection' => 'keep-alive',
  'host' => 'az-ips.wxhoutai.com',
)
[ info ] [ PARAM ] array (
  'id' => '1',
  'user_id' => '3',
  'token' => 'undefined',
  '_ajax' => '1',
  'addon' => 'cms',
  'controller' => 'wxapp.user',
  'action' => 'doctor',
)
[ info ] [ RUN ] think\addons\Route->execute[ /data/wwwroot/az-ips.wxhoutai.com/vendor/karsonzhang/fastadmin-addons/src/addons/Route.php ]
[ info ] [ LANG ] /data/wwwroot/az-ips.wxhoutai.com/public/../application/common/lang/zh-cn/addon.php
[ info ] [ BEHAVIOR ] Run app\common\behavior\Common @addon_begin [ RunTime:0.000075s ]
[ info ] [ TOKEN ] INIT Mysql
[ info ] [ DB ] INIT mysql
[ info ] [ LANG ] /data/wwwroot/az-ips.wxhoutai.com//addons/cms/lang/zh-cn.php
[ info ] [ LANG ] /data/wwwroot/az-ips.wxhoutai.com/public/../application//index/lang/zh-cn/user.php
[ info ] [ LOG ] INIT File
---------------------------------------------------------------
[ 2020-08-29T20:02:16+08:00 ] 192.241.222.127 GET 81.68.172.225/
[运行时间：0.002867s] [吞吐率：348.80req/s] [内存消耗：458.91kb] [文件加载：127]
[ info ] [ BEHAVIOR ] Run Closure @app_init [ RunTime:0.000015s ]
[ info ] [ CACHE ] INIT File
[ info ] [ BEHAVIOR ] Run \addons\cms\Cms @app_init [ RunTime:0.000159s ]
[ info ] [ BEHAVIOR ] Run Closure @app_init [ RunTime:0.000171s ]
[ info ] [ LANG ] /data/wwwroot/az-ips.wxhoutai.com/thinkphp/lang/zh-cn.php
[ info ] [ BEHAVIOR ] Run app\common\behavior\Common @app_dispatch [ RunTime:0.000025s ]
[ info ] [ ROUTE ] array (
  'type' => 'module',
  'module' => 
  array (
    0 => '',
    1 => NULL,
    2 => NULL,
  ),
)
[ info ] [ HEADER ] array (
  'accept-encoding' => 'gzip',
  'accept' => '*/*',
  'user-agent' => 'Mozilla/5.0 zgrab/0.x',
  'host' => '81.68.172.225',
  'content-type' => '',
  'content-length' => '',
)
[ info ] [ PARAM ] array (
)
[ info ] [ LANG ] /data/wwwroot/az-ips.wxhoutai.com/public/../application/index/lang/zh-cn.php
[ info ] [ BEHAVIOR ] Run app\common\behavior\Common @module_init [ RunTime:0.000050s ]
[ info ] [ LANG ] /data/wwwroot/az-ips.wxhoutai.com/public/../application/index/lang/zh-cn/index.php
[ info ] [ RUN ] app\index\controller\Index->index[ /data/wwwroot/az-ips.wxhoutai.com/application/index/controller/Index.php ]
[ info ] [ VIEW ] /data/wwwroot/az-ips.wxhoutai.com/public/../application/index/view/index/index.html [ array (
  0 => 'user',
  1 => 'site',
  2 => 'config',
) ]
[ info ] [ BEHAVIOR ] Run \addons\cms\Cms @view_filter [ RunTime:0.000020s ]
[ info ] [ LOG ] INIT File
---------------------------------------------------------------
[ 2020-08-29T22:35:13+08:00 ] 83.97.20.35 GET 81.68.172.225/
[运行时间：0.002883s] [吞吐率：346.87req/s] [内存消耗：458.68kb] [文件加载：127]
[ info ] [ BEHAVIOR ] Run Closure @app_init [ RunTime:0.000016s ]
[ info ] [ CACHE ] INIT File
[ info ] [ BEHAVIOR ] Run \addons\cms\Cms @app_init [ RunTime:0.000165s ]
[ info ] [ BEHAVIOR ] Run Closure @app_init [ RunTime:0.000175s ]
[ info ] [ LANG ] /data/wwwroot/az-ips.wxhoutai.com/thinkphp/lang/zh-cn.php
[ info ] [ BEHAVIOR ] Run app\common\behavior\Common @app_dispatch [ RunTime:0.000026s ]
[ info ] [ ROUTE ] array (
  'type' => 'module',
  'module' => 
  array (
    0 => '',
    1 => NULL,
    2 => NULL,
  ),
)
[ info ] [ HEADER ] array (
  'connection' => 'close',
  'host' => '81.68.172.225',
  'content-type' => '',
  'content-length' => '',
)
[ info ] [ PARAM ] array (
)
[ info ] [ LANG ] /data/wwwroot/az-ips.wxhoutai.com/public/../application/index/lang/zh-cn.php
[ info ] [ BEHAVIOR ] Run app\common\behavior\Common @module_init [ RunTime:0.000051s ]
[ info ] [ LANG ] /data/wwwroot/az-ips.wxhoutai.com/public/../application/index/lang/zh-cn/index.php
[ info ] [ RUN ] app\index\controller\Index->index[ /data/wwwroot/az-ips.wxhoutai.com/application/index/controller/Index.php ]
[ info ] [ VIEW ] /data/wwwroot/az-ips.wxhoutai.com/public/../application/index/view/index/index.html [ array (
  0 => 'user',
  1 => 'site',
  2 => 'config',
) ]
[ info ] [ BEHAVIOR ] Run \addons\cms\Cms @view_filter [ RunTime:0.000016s ]
[ info ] [ LOG ] INIT File
