---------------------------------------------------------------
[ 2020-10-01T04:51:31+08:00 ] 45.83.67.160 GET 81.68.172.225/
[运行时间：0.033988s] [吞吐率：29.42req/s] [内存消耗：455.72kb] [文件加载：127]
[ info ] [ BEHAVIOR ] Run Closure @app_init [ RunTime:0.000015s ]
[ info ] [ CACHE ] INIT File
[ info ] [ BEHAVIOR ] Run \addons\cms\Cms @app_init [ RunTime:0.000147s ]
[ info ] [ BEHAVIOR ] Run Closure @app_init [ RunTime:0.000158s ]
[ info ] [ BEHAVIOR ] Run app\common\behavior\Common @app_dispatch [ RunTime:0.000035s ]
[ info ] [ ROUTE ] array (
  'type' => 'module',
  'module' => 
  array (
    0 => '',
    1 => NULL,
    2 => NULL,
  ),
)
[ info ] [ HEADER ] array (
  'accept-encoding' => 'gzip',
  'pragma' => 'no-cache',
  'connection' => 'keep-alive',
  'cache-control' => 'no-cache',
  'accept-language' => 'en;q=0.7,en-US;q=0.3',
  'accept' => '*/*',
  'user-agent' => 'Mozilla/5.0 (Windows NT 10.0; Win64; x64; rv:65.0) Gecko/20100101 Firefox/65.0',
  'host' => '81.68.172.225',
  'content-type' => '',
  'content-length' => '',
)
[ info ] [ PARAM ] array (
)
[ info ] [ BEHAVIOR ] Run app\common\behavior\Common @module_init [ RunTime:0.000061s ]
[ info ] [ BEHAVIOR ] Run \addons\third\Third @config_init [ RunTime:0.000031s ]
[ info ] [ LANG ] /data/wwwroot/az-ips.wxhoutai.com/public/../application/index/lang/en/index.php
[ info ] [ RUN ] app\index\controller\Index->index[ /data/wwwroot/az-ips.wxhoutai.com/application/index/controller/Index.php ]
[ info ] [ VIEW ] /data/wwwroot/az-ips.wxhoutai.com/public/../application/index/view/index/index.html [ array (
  0 => 'user',
  1 => 'site',
  2 => 'config',
) ]
[ info ] [ BEHAVIOR ] Run \addons\cms\Cms @view_filter [ RunTime:0.000040s ]
[ info ] [ LOG ] INIT File
---------------------------------------------------------------
[ 2020-10-01T06:29:34+08:00 ] 183.136.225.56 GET 81.68.172.225/
[运行时间：0.003255s] [吞吐率：307.21req/s] [内存消耗：477.96kb] [文件加载：129]
[ info ] [ BEHAVIOR ] Run Closure @app_init [ RunTime:0.000015s ]
[ info ] [ CACHE ] INIT File
[ info ] [ BEHAVIOR ] Run \addons\cms\Cms @app_init [ RunTime:0.000137s ]
[ info ] [ BEHAVIOR ] Run Closure @app_init [ RunTime:0.000148s ]
[ info ] [ LANG ] /data/wwwroot/az-ips.wxhoutai.com/thinkphp/lang/zh-cn.php
[ info ] [ BEHAVIOR ] Run app\common\behavior\Common @app_dispatch [ RunTime:0.000024s ]
[ info ] [ ROUTE ] array (
  'type' => 'module',
  'module' => 
  array (
    0 => '',
    1 => NULL,
    2 => NULL,
  ),
)
[ info ] [ HEADER ] array (
  'connection' => 'keep-alive',
  'accept' => '*/*',
  'user-agent' => 'Baiduspider+(+http://www.baidu.com/search/spider.htm);googlebot|baiduspider|baidu|spider|sogou|bingbot|bot|yahoo|soso|sosospider|360spider|youdaobot|jikeSpider;)',
  'host' => '81.68.172.225',
  'content-type' => '',
  'content-length' => '',
)
[ info ] [ PARAM ] array (
)
[ info ] [ LANG ] /data/wwwroot/az-ips.wxhoutai.com/public/../application/index/lang/zh-cn.php
[ info ] [ BEHAVIOR ] Run app\common\behavior\Common @module_init [ RunTime:0.000059s ]
[ info ] [ BEHAVIOR ] Run \addons\third\Third @config_init [ RunTime:0.000046s ]
[ info ] [ LANG ] /data/wwwroot/az-ips.wxhoutai.com/public/../application/index/lang/zh-cn/index.php
[ info ] [ RUN ] app\index\controller\Index->index[ /data/wwwroot/az-ips.wxhoutai.com/application/index/controller/Index.php ]
[ info ] [ VIEW ] /data/wwwroot/az-ips.wxhoutai.com/public/../application/index/view/index/index.html [ array (
  0 => 'user',
  1 => 'site',
  2 => 'config',
) ]
[ info ] [ BEHAVIOR ] Run \addons\cms\Cms @view_filter [ RunTime:0.000015s ]
[ info ] [ LOG ] INIT File
---------------------------------------------------------------
[ 2020-10-01T07:09:50+08:00 ] 83.97.20.35 GET 81.68.172.225/
[运行时间：0.003431s] [吞吐率：291.47req/s] [内存消耗：477.20kb] [文件加载：129]
[ info ] [ BEHAVIOR ] Run Closure @app_init [ RunTime:0.000019s ]
[ info ] [ CACHE ] INIT File
[ info ] [ BEHAVIOR ] Run \addons\cms\Cms @app_init [ RunTime:0.000150s ]
[ info ] [ BEHAVIOR ] Run Closure @app_init [ RunTime:0.000161s ]
[ info ] [ LANG ] /data/wwwroot/az-ips.wxhoutai.com/thinkphp/lang/zh-cn.php
[ info ] [ BEHAVIOR ] Run app\common\behavior\Common @app_dispatch [ RunTime:0.000025s ]
[ info ] [ ROUTE ] array (
  'type' => 'module',
  'module' => 
  array (
    0 => '',
    1 => NULL,
    2 => NULL,
  ),
)
[ info ] [ HEADER ] array (
  'connection' => 'close',
  'host' => '81.68.172.225',
  'content-type' => '',
  'content-length' => '',
)
[ info ] [ PARAM ] array (
)
[ info ] [ LANG ] /data/wwwroot/az-ips.wxhoutai.com/public/../application/index/lang/zh-cn.php
[ info ] [ BEHAVIOR ] Run app\common\behavior\Common @module_init [ RunTime:0.000058s ]
[ info ] [ BEHAVIOR ] Run \addons\third\Third @config_init [ RunTime:0.000027s ]
[ info ] [ LANG ] /data/wwwroot/az-ips.wxhoutai.com/public/../application/index/lang/zh-cn/index.php
[ info ] [ RUN ] app\index\controller\Index->index[ /data/wwwroot/az-ips.wxhoutai.com/application/index/controller/Index.php ]
[ info ] [ VIEW ] /data/wwwroot/az-ips.wxhoutai.com/public/../application/index/view/index/index.html [ array (
  0 => 'user',
  1 => 'site',
  2 => 'config',
) ]
[ info ] [ BEHAVIOR ] Run \addons\cms\Cms @view_filter [ RunTime:0.000015s ]
[ info ] [ LOG ] INIT File
---------------------------------------------------------------
[ 2020-10-01T08:41:12+08:00 ] 116.236.187.2 GET 81.68.172.225:443/
[运行时间：0.006267s] [吞吐率：159.56req/s] [内存消耗：477.72kb] [文件加载：129]
[ info ] [ BEHAVIOR ] Run Closure @app_init [ RunTime:0.000017s ]
[ info ] [ CACHE ] INIT File
[ info ] [ BEHAVIOR ] Run \addons\cms\Cms @app_init [ RunTime:0.000147s ]
[ info ] [ BEHAVIOR ] Run Closure @app_init [ RunTime:0.000158s ]
[ info ] [ LANG ] /data/wwwroot/az-ips.wxhoutai.com/thinkphp/lang/zh-cn.php
[ info ] [ BEHAVIOR ] Run app\common\behavior\Common @app_dispatch [ RunTime:0.000040s ]
[ info ] [ ROUTE ] array (
  'type' => 'module',
  'module' => 
  array (
    0 => '',
    1 => NULL,
    2 => NULL,
  ),
)
[ info ] [ HEADER ] array (
  'accept-encoding' => 'gzip',
  'connection' => 'close',
  'user-agent' => 'Go-http-client/1.1',
  'host' => '81.68.172.225:443',
  'content-type' => '',
  'content-length' => '',
)
[ info ] [ PARAM ] array (
)
[ info ] [ LANG ] /data/wwwroot/az-ips.wxhoutai.com/public/../application/index/lang/zh-cn.php
[ info ] [ BEHAVIOR ] Run app\common\behavior\Common @module_init [ RunTime:0.000067s ]
[ info ] [ BEHAVIOR ] Run \addons\third\Third @config_init [ RunTime:0.000038s ]
[ info ] [ LANG ] /data/wwwroot/az-ips.wxhoutai.com/public/../application/index/lang/zh-cn/index.php
[ info ] [ RUN ] app\index\controller\Index->index[ /data/wwwroot/az-ips.wxhoutai.com/application/index/controller/Index.php ]
[ info ] [ VIEW ] /data/wwwroot/az-ips.wxhoutai.com/public/../application/index/view/index/index.html [ array (
  0 => 'user',
  1 => 'site',
  2 => 'config',
) ]
[ info ] [ BEHAVIOR ] Run \addons\cms\Cms @view_filter [ RunTime:0.000016s ]
[ info ] [ LOG ] INIT File
---------------------------------------------------------------
[ 2020-10-01T09:48:23+08:00 ] 103.145.13.24 GET 81.68.172.225:443/
[运行时间：0.003236s] [吞吐率：309.02req/s] [内存消耗：477.71kb] [文件加载：129]
[ info ] [ BEHAVIOR ] Run Closure @app_init [ RunTime:0.000018s ]
[ info ] [ CACHE ] INIT File
[ info ] [ BEHAVIOR ] Run \addons\cms\Cms @app_init [ RunTime:0.000135s ]
[ info ] [ BEHAVIOR ] Run Closure @app_init [ RunTime:0.000146s ]
[ info ] [ LANG ] /data/wwwroot/az-ips.wxhoutai.com/thinkphp/lang/zh-cn.php
[ info ] [ BEHAVIOR ] Run app\common\behavior\Common @app_dispatch [ RunTime:0.000035s ]
[ info ] [ ROUTE ] array (
  'type' => 'module',
  'module' => 
  array (
    0 => '',
    1 => NULL,
    2 => NULL,
  ),
)
[ info ] [ HEADER ] array (
  'user-agent' => 'libwww-perl/6.47',
  'host' => '81.68.172.225:443',
  'connection' => 'TE, close',
  'te' => 'deflate,gzip;q=0.3',
  'content-type' => '',
  'content-length' => '',
)
[ info ] [ PARAM ] array (
)
[ info ] [ LANG ] /data/wwwroot/az-ips.wxhoutai.com/public/../application/index/lang/zh-cn.php
[ info ] [ BEHAVIOR ] Run app\common\behavior\Common @module_init [ RunTime:0.000056s ]
[ info ] [ BEHAVIOR ] Run \addons\third\Third @config_init [ RunTime:0.000028s ]
[ info ] [ LANG ] /data/wwwroot/az-ips.wxhoutai.com/public/../application/index/lang/zh-cn/index.php
[ info ] [ RUN ] app\index\controller\Index->index[ /data/wwwroot/az-ips.wxhoutai.com/application/index/controller/Index.php ]
[ info ] [ VIEW ] /data/wwwroot/az-ips.wxhoutai.com/public/../application/index/view/index/index.html [ array (
  0 => 'user',
  1 => 'site',
  2 => 'config',
) ]
[ info ] [ BEHAVIOR ] Run \addons\cms\Cms @view_filter [ RunTime:0.000029s ]
[ info ] [ LOG ] INIT File
---------------------------------------------------------------
[ 2020-10-01T10:00:47+08:00 ] 74.120.14.50 GET 81.68.172.225:443/
[运行时间：0.003002s] [吞吐率：333.09req/s] [内存消耗：477.13kb] [文件加载：129]
[ info ] [ BEHAVIOR ] Run Closure @app_init [ RunTime:0.000069s ]
[ info ] [ CACHE ] INIT File
[ info ] [ BEHAVIOR ] Run \addons\cms\Cms @app_init [ RunTime:0.000140s ]
[ info ] [ BEHAVIOR ] Run Closure @app_init [ RunTime:0.000151s ]
[ info ] [ LANG ] /data/wwwroot/az-ips.wxhoutai.com/thinkphp/lang/zh-cn.php
[ info ] [ BEHAVIOR ] Run app\common\behavior\Common @app_dispatch [ RunTime:0.000026s ]
[ info ] [ ROUTE ] array (
  'type' => 'module',
  'module' => 
  array (
    0 => '',
    1 => NULL,
    2 => NULL,
  ),
)
[ info ] [ HEADER ] array (
  'host' => '81.68.172.225:443',
  'content-type' => '',
  'content-length' => '',
)
[ info ] [ PARAM ] array (
)
[ info ] [ LANG ] /data/wwwroot/az-ips.wxhoutai.com/public/../application/index/lang/zh-cn.php
[ info ] [ BEHAVIOR ] Run app\common\behavior\Common @module_init [ RunTime:0.000056s ]
[ info ] [ BEHAVIOR ] Run \addons\third\Third @config_init [ RunTime:0.000031s ]
[ info ] [ LANG ] /data/wwwroot/az-ips.wxhoutai.com/public/../application/index/lang/zh-cn/index.php
[ info ] [ RUN ] app\index\controller\Index->index[ /data/wwwroot/az-ips.wxhoutai.com/application/index/controller/Index.php ]
[ info ] [ VIEW ] /data/wwwroot/az-ips.wxhoutai.com/public/../application/index/view/index/index.html [ array (
  0 => 'user',
  1 => 'site',
  2 => 'config',
) ]
[ info ] [ BEHAVIOR ] Run \addons\cms\Cms @view_filter [ RunTime:0.000015s ]
[ info ] [ LOG ] INIT File
---------------------------------------------------------------
[ 2020-10-01T10:00:48+08:00 ] 74.120.14.50 GET 81.68.172.225/
[运行时间：0.002446s] [吞吐率：408.84req/s] [内存消耗：477.84kb] [文件加载：129]
[ info ] [ BEHAVIOR ] Run Closure @app_init [ RunTime:0.000016s ]
[ info ] [ CACHE ] INIT File
[ info ] [ BEHAVIOR ] Run \addons\cms\Cms @app_init [ RunTime:0.000120s ]
[ info ] [ BEHAVIOR ] Run Closure @app_init [ RunTime:0.000131s ]
[ info ] [ LANG ] /data/wwwroot/az-ips.wxhoutai.com/thinkphp/lang/zh-cn.php
[ info ] [ BEHAVIOR ] Run app\common\behavior\Common @app_dispatch [ RunTime:0.000017s ]
[ info ] [ ROUTE ] array (
  'type' => 'module',
  'module' => 
  array (
    0 => '',
    1 => NULL,
    2 => NULL,
  ),
)
[ info ] [ HEADER ] array (
  'accept-encoding' => 'gzip',
  'accept' => '*/*',
  'user-agent' => 'Mozilla/5.0 (compatible; CensysInspect/1.1; +https://about.censys.io/)',
  'host' => '81.68.172.225',
  'content-type' => '',
  'content-length' => '',
)
[ info ] [ PARAM ] array (
)
[ info ] [ LANG ] /data/wwwroot/az-ips.wxhoutai.com/public/../application/index/lang/zh-cn.php
[ info ] [ BEHAVIOR ] Run app\common\behavior\Common @module_init [ RunTime:0.000046s ]
[ info ] [ BEHAVIOR ] Run \addons\third\Third @config_init [ RunTime:0.000030s ]
[ info ] [ LANG ] /data/wwwroot/az-ips.wxhoutai.com/public/../application/index/lang/zh-cn/index.php
[ info ] [ RUN ] app\index\controller\Index->index[ /data/wwwroot/az-ips.wxhoutai.com/application/index/controller/Index.php ]
[ info ] [ VIEW ] /data/wwwroot/az-ips.wxhoutai.com/public/../application/index/view/index/index.html [ array (
  0 => 'user',
  1 => 'site',
  2 => 'config',
) ]
[ info ] [ BEHAVIOR ] Run \addons\cms\Cms @view_filter [ RunTime:0.000015s ]
[ info ] [ LOG ] INIT File
---------------------------------------------------------------
[ 2020-10-01T10:09:53+08:00 ] 83.97.20.35 GET 81.68.172.225/
[运行时间：0.003605s] [吞吐率：277.38req/s] [内存消耗：477.20kb] [文件加载：129]
[ info ] [ BEHAVIOR ] Run Closure @app_init [ RunTime:0.000018s ]
[ info ] [ CACHE ] INIT File
[ info ] [ BEHAVIOR ] Run \addons\cms\Cms @app_init [ RunTime:0.000143s ]
[ info ] [ BEHAVIOR ] Run Closure @app_init [ RunTime:0.000204s ]
[ info ] [ LANG ] /data/wwwroot/az-ips.wxhoutai.com/thinkphp/lang/zh-cn.php
[ info ] [ BEHAVIOR ] Run app\common\behavior\Common @app_dispatch [ RunTime:0.000029s ]
[ info ] [ ROUTE ] array (
  'type' => 'module',
  'module' => 
  array (
    0 => '',
    1 => NULL,
    2 => NULL,
  ),
)
[ info ] [ HEADER ] array (
  'connection' => 'close',
  'host' => '81.68.172.225',
  'content-type' => '',
  'content-length' => '',
)
[ info ] [ PARAM ] array (
)
[ info ] [ LANG ] /data/wwwroot/az-ips.wxhoutai.com/public/../application/index/lang/zh-cn.php
[ info ] [ BEHAVIOR ] Run app\common\behavior\Common @module_init [ RunTime:0.000057s ]
[ info ] [ BEHAVIOR ] Run \addons\third\Third @config_init [ RunTime:0.000038s ]
[ info ] [ LANG ] /data/wwwroot/az-ips.wxhoutai.com/public/../application/index/lang/zh-cn/index.php
[ info ] [ RUN ] app\index\controller\Index->index[ /data/wwwroot/az-ips.wxhoutai.com/application/index/controller/Index.php ]
[ info ] [ VIEW ] /data/wwwroot/az-ips.wxhoutai.com/public/../application/index/view/index/index.html [ array (
  0 => 'user',
  1 => 'site',
  2 => 'config',
) ]
[ info ] [ BEHAVIOR ] Run \addons\cms\Cms @view_filter [ RunTime:0.000017s ]
[ info ] [ LOG ] INIT File
---------------------------------------------------------------
[ 2020-10-01T10:23:44+08:00 ] 103.149.192.235 GET 81.68.172.225/
[运行时间：0.003175s] [吞吐率：314.96req/s] [内存消耗：477.90kb] [文件加载：129]
[ info ] [ BEHAVIOR ] Run Closure @app_init [ RunTime:0.000017s ]
[ info ] [ CACHE ] INIT File
[ info ] [ BEHAVIOR ] Run \addons\cms\Cms @app_init [ RunTime:0.000205s ]
[ info ] [ BEHAVIOR ] Run Closure @app_init [ RunTime:0.000216s ]
[ info ] [ LANG ] /data/wwwroot/az-ips.wxhoutai.com/thinkphp/lang/zh-cn.php
[ info ] [ BEHAVIOR ] Run app\common\behavior\Common @app_dispatch [ RunTime:0.000024s ]
[ info ] [ ROUTE ] array (
  'type' => 'module',
  'module' => 
  array (
    0 => '',
    1 => NULL,
    2 => NULL,
  ),
)
[ info ] [ HEADER ] array (
  'accept-encoding' => 'gzip',
  'accept' => '*/*',
  'user-agent' => 'Mozilla/5.0 (Windows NT 10.0; Win64; x64) AppleWebKit/537.36 (KHTML, like Gecko) Chrome/79.0.3945.130 Safari/537.36',
  'host' => '81.68.172.225',
  'content-type' => '',
  'content-length' => '',
)
[ info ] [ PARAM ] array (
)
[ info ] [ LANG ] /data/wwwroot/az-ips.wxhoutai.com/public/../application/index/lang/zh-cn.php
[ info ] [ BEHAVIOR ] Run app\common\behavior\Common @module_init [ RunTime:0.000294s ]
[ info ] [ BEHAVIOR ] Run \addons\third\Third @config_init [ RunTime:0.000030s ]
[ info ] [ LANG ] /data/wwwroot/az-ips.wxhoutai.com/public/../application/index/lang/zh-cn/index.php
[ info ] [ RUN ] app\index\controller\Index->index[ /data/wwwroot/az-ips.wxhoutai.com/application/index/controller/Index.php ]
[ info ] [ VIEW ] /data/wwwroot/az-ips.wxhoutai.com/public/../application/index/view/index/index.html [ array (
  0 => 'user',
  1 => 'site',
  2 => 'config',
) ]
[ info ] [ BEHAVIOR ] Run \addons\cms\Cms @view_filter [ RunTime:0.000015s ]
[ info ] [ LOG ] INIT File
---------------------------------------------------------------
[ 2020-10-01T10:52:46+08:00 ] 167.248.133.34 GET 81.68.172.225:443/
[运行时间：0.002708s] [吞吐率：369.28req/s] [内存消耗：477.13kb] [文件加载：129]
[ info ] [ BEHAVIOR ] Run Closure @app_init [ RunTime:0.000017s ]
[ info ] [ CACHE ] INIT File
[ info ] [ BEHAVIOR ] Run \addons\cms\Cms @app_init [ RunTime:0.000141s ]
[ info ] [ BEHAVIOR ] Run Closure @app_init [ RunTime:0.000151s ]
[ info ] [ LANG ] /data/wwwroot/az-ips.wxhoutai.com/thinkphp/lang/zh-cn.php
[ info ] [ BEHAVIOR ] Run app\common\behavior\Common @app_dispatch [ RunTime:0.000023s ]
[ info ] [ ROUTE ] array (
  'type' => 'module',
  'module' => 
  array (
    0 => '',
    1 => NULL,
    2 => NULL,
  ),
)
[ info ] [ HEADER ] array (
  'host' => '81.68.172.225:443',
  'content-type' => '',
  'content-length' => '',
)
[ info ] [ PARAM ] array (
)
[ info ] [ LANG ] /data/wwwroot/az-ips.wxhoutai.com/public/../application/index/lang/zh-cn.php
[ info ] [ BEHAVIOR ] Run app\common\behavior\Common @module_init [ RunTime:0.000053s ]
[ info ] [ BEHAVIOR ] Run \addons\third\Third @config_init [ RunTime:0.000028s ]
[ info ] [ LANG ] /data/wwwroot/az-ips.wxhoutai.com/public/../application/index/lang/zh-cn/index.php
[ info ] [ RUN ] app\index\controller\Index->index[ /data/wwwroot/az-ips.wxhoutai.com/application/index/controller/Index.php ]
[ info ] [ VIEW ] /data/wwwroot/az-ips.wxhoutai.com/public/../application/index/view/index/index.html [ array (
  0 => 'user',
  1 => 'site',
  2 => 'config',
) ]
[ info ] [ BEHAVIOR ] Run \addons\cms\Cms @view_filter [ RunTime:0.000015s ]
[ info ] [ LOG ] INIT File
---------------------------------------------------------------
[ 2020-10-01T10:52:47+08:00 ] 167.248.133.34 GET 81.68.172.225/
[运行时间：0.002294s] [吞吐率：435.91req/s] [内存消耗：477.84kb] [文件加载：129]
[ info ] [ BEHAVIOR ] Run Closure @app_init [ RunTime:0.000016s ]
[ info ] [ CACHE ] INIT File
[ info ] [ BEHAVIOR ] Run \addons\cms\Cms @app_init [ RunTime:0.000113s ]
[ info ] [ BEHAVIOR ] Run Closure @app_init [ RunTime:0.000123s ]
[ info ] [ LANG ] /data/wwwroot/az-ips.wxhoutai.com/thinkphp/lang/zh-cn.php
[ info ] [ BEHAVIOR ] Run app\common\behavior\Common @app_dispatch [ RunTime:0.000017s ]
[ info ] [ ROUTE ] array (
  'type' => 'module',
  'module' => 
  array (
    0 => '',
    1 => NULL,
    2 => NULL,
  ),
)
[ info ] [ HEADER ] array (
  'accept-encoding' => 'gzip',
  'accept' => '*/*',
  'user-agent' => 'Mozilla/5.0 (compatible; CensysInspect/1.1; +https://about.censys.io/)',
  'host' => '81.68.172.225',
  'content-type' => '',
  'content-length' => '',
)
[ info ] [ PARAM ] array (
)
[ info ] [ LANG ] /data/wwwroot/az-ips.wxhoutai.com/public/../application/index/lang/zh-cn.php
[ info ] [ BEHAVIOR ] Run app\common\behavior\Common @module_init [ RunTime:0.000049s ]
[ info ] [ BEHAVIOR ] Run \addons\third\Third @config_init [ RunTime:0.000025s ]
[ info ] [ LANG ] /data/wwwroot/az-ips.wxhoutai.com/public/../application/index/lang/zh-cn/index.php
[ info ] [ RUN ] app\index\controller\Index->index[ /data/wwwroot/az-ips.wxhoutai.com/application/index/controller/Index.php ]
[ info ] [ VIEW ] /data/wwwroot/az-ips.wxhoutai.com/public/../application/index/view/index/index.html [ array (
  0 => 'user',
  1 => 'site',
  2 => 'config',
) ]
[ info ] [ BEHAVIOR ] Run \addons\cms\Cms @view_filter [ RunTime:0.000014s ]
[ info ] [ LOG ] INIT File
---------------------------------------------------------------
[ 2020-10-01T11:20:04+08:00 ] 193.118.53.210 GET 81.68.172.225/
[运行时间：0.007634s] [吞吐率：130.99req/s] [内存消耗：477.90kb] [文件加载：129]
[ info ] [ BEHAVIOR ] Run Closure @app_init [ RunTime:0.000070s ]
[ info ] [ CACHE ] INIT File
[ info ] [ BEHAVIOR ] Run \addons\cms\Cms @app_init [ RunTime:0.000153s ]
[ info ] [ BEHAVIOR ] Run Closure @app_init [ RunTime:0.000170s ]
[ info ] [ LANG ] /data/wwwroot/az-ips.wxhoutai.com/thinkphp/lang/zh-cn.php
[ info ] [ BEHAVIOR ] Run app\common\behavior\Common @app_dispatch [ RunTime:0.000025s ]
[ info ] [ ROUTE ] array (
  'type' => 'module',
  'module' => 
  array (
    0 => '',
    1 => NULL,
    2 => NULL,
  ),
)
[ info ] [ HEADER ] array (
  'accept-encoding' => 'gzip',
  'accept' => '*/*',
  'user-agent' => 'Mozilla/5.0 (Windows NT 10.0; Win64; x64) AppleWebKit/537.36 (KHTML, like Gecko) Chrome/60.0.3112.113 Safari/537.36',
  'host' => '81.68.172.225',
  'content-type' => '',
  'content-length' => '',
)
[ info ] [ PARAM ] array (
)
[ info ] [ LANG ] /data/wwwroot/az-ips.wxhoutai.com/public/../application/index/lang/zh-cn.php
[ info ] [ BEHAVIOR ] Run app\common\behavior\Common @module_init [ RunTime:0.000058s ]
[ info ] [ BEHAVIOR ] Run \addons\third\Third @config_init [ RunTime:0.000029s ]
[ info ] [ LANG ] /data/wwwroot/az-ips.wxhoutai.com/public/../application/index/lang/zh-cn/index.php
[ info ] [ RUN ] app\index\controller\Index->index[ /data/wwwroot/az-ips.wxhoutai.com/application/index/controller/Index.php ]
[ info ] [ VIEW ] /data/wwwroot/az-ips.wxhoutai.com/public/../application/index/view/index/index.html [ array (
  0 => 'user',
  1 => 'site',
  2 => 'config',
) ]
[ info ] [ BEHAVIOR ] Run \addons\cms\Cms @view_filter [ RunTime:0.000017s ]
[ info ] [ LOG ] INIT File
---------------------------------------------------------------
[ 2020-10-01T12:45:58+08:00 ] 192.241.223.72 GET 81.68.172.225/owa/auth/logon.aspx?url=https%3a%2f%2f1%2fecp%2f
[运行时间：0.002936s] [吞吐率：340.61req/s] [内存消耗：355.21kb] [文件加载：118]
[ info ] [ BEHAVIOR ] Run Closure @app_init [ RunTime:0.000018s ]
[ info ] [ CACHE ] INIT File
[ info ] [ BEHAVIOR ] Run \addons\cms\Cms @app_init [ RunTime:0.000134s ]
[ info ] [ BEHAVIOR ] Run Closure @app_init [ RunTime:0.000144s ]
[ info ] [ LANG ] /data/wwwroot/az-ips.wxhoutai.com/thinkphp/lang/zh-cn.php
[ info ] [ BEHAVIOR ] Run app\common\behavior\Common @app_dispatch [ RunTime:0.000027s ]
[ info ] [ ROUTE ] array (
  'type' => 'module',
  'module' => 
  array (
    0 => 'owa',
    1 => 'auth',
    2 => 'logon.aspx',
  ),
)
[ info ] [ HEADER ] array (
  'accept-encoding' => 'gzip',
  'accept' => '*/*',
  'user-agent' => 'Mozilla/5.0 zgrab/0.x',
  'host' => '81.68.172.225',
  'content-type' => '',
  'content-length' => '',
)
[ info ] [ PARAM ] array (
  'url' => 'https://1/ecp/',
)
[ info ] [ LOG ] INIT File
---------------------------------------------------------------
[ 2020-10-01T12:58:58+08:00 ] 83.97.20.31 GET 81.68.172.225/
[运行时间：0.003086s] [吞吐率：324.06req/s] [内存消耗：477.20kb] [文件加载：129]
[ info ] [ BEHAVIOR ] Run Closure @app_init [ RunTime:0.000015s ]
[ info ] [ CACHE ] INIT File
[ info ] [ BEHAVIOR ] Run \addons\cms\Cms @app_init [ RunTime:0.000134s ]
[ info ] [ BEHAVIOR ] Run Closure @app_init [ RunTime:0.000145s ]
[ info ] [ LANG ] /data/wwwroot/az-ips.wxhoutai.com/thinkphp/lang/zh-cn.php
[ info ] [ BEHAVIOR ] Run app\common\behavior\Common @app_dispatch [ RunTime:0.000024s ]
[ info ] [ ROUTE ] array (
  'type' => 'module',
  'module' => 
  array (
    0 => '',
    1 => NULL,
    2 => NULL,
  ),
)
[ info ] [ HEADER ] array (
  'connection' => 'close',
  'host' => '81.68.172.225',
  'content-type' => '',
  'content-length' => '',
)
[ info ] [ PARAM ] array (
)
[ info ] [ LANG ] /data/wwwroot/az-ips.wxhoutai.com/public/../application/index/lang/zh-cn.php
[ info ] [ BEHAVIOR ] Run app\common\behavior\Common @module_init [ RunTime:0.000052s ]
[ info ] [ BEHAVIOR ] Run \addons\third\Third @config_init [ RunTime:0.000030s ]
[ info ] [ LANG ] /data/wwwroot/az-ips.wxhoutai.com/public/../application/index/lang/zh-cn/index.php
[ info ] [ RUN ] app\index\controller\Index->index[ /data/wwwroot/az-ips.wxhoutai.com/application/index/controller/Index.php ]
[ info ] [ VIEW ] /data/wwwroot/az-ips.wxhoutai.com/public/../application/index/view/index/index.html [ array (
  0 => 'user',
  1 => 'site',
  2 => 'config',
) ]
[ info ] [ BEHAVIOR ] Run \addons\cms\Cms @view_filter [ RunTime:0.000016s ]
[ info ] [ LOG ] INIT File
---------------------------------------------------------------
[ 2020-10-01T13:33:05+08:00 ] 34.210.230.130 HEAD 81.68.172.225:443/epa/scripts/win/nsepa_setup.exe
[运行时间：0.004888s] [吞吐率：204.59req/s] [内存消耗：355.21kb] [文件加载：118]
[ info ] [ BEHAVIOR ] Run Closure @app_init [ RunTime:0.000020s ]
[ info ] [ CACHE ] INIT File
[ info ] [ BEHAVIOR ] Run \addons\cms\Cms @app_init [ RunTime:0.000349s ]
[ info ] [ BEHAVIOR ] Run Closure @app_init [ RunTime:0.000360s ]
[ info ] [ LANG ] /data/wwwroot/az-ips.wxhoutai.com/thinkphp/lang/zh-cn.php
[ info ] [ BEHAVIOR ] Run app\common\behavior\Common @app_dispatch [ RunTime:0.000028s ]
[ info ] [ ROUTE ] array (
  'type' => 'module',
  'module' => 
  array (
    0 => 'epa',
    1 => 'scripts',
    2 => 'win',
  ),
)
[ info ] [ HEADER ] array (
  'user-agent' => 'Mozilla/5.0 (Macintosh; Intel Mac OS X 10_11_5) AppleWebKit/537.36 (KHTML, like Gecko) Chrome/50.0.2661.102 Safari/537.36',
  'accept-encoding' => 'gzip',
  'connection' => 'close',
  'host' => '81.68.172.225:443',
  'content-type' => '',
  'content-length' => '',
)
[ info ] [ PARAM ] array (
)
[ info ] [ LOG ] INIT File
---------------------------------------------------------------
[ 2020-10-01T13:42:38+08:00 ] 192.35.168.193 GET 81.68.172.225:443/
[运行时间：0.003208s] [吞吐率：311.73req/s] [内存消耗：477.13kb] [文件加载：129]
[ info ] [ BEHAVIOR ] Run Closure @app_init [ RunTime:0.000016s ]
[ info ] [ CACHE ] INIT File
[ info ] [ BEHAVIOR ] Run \addons\cms\Cms @app_init [ RunTime:0.000141s ]
[ info ] [ BEHAVIOR ] Run Closure @app_init [ RunTime:0.000151s ]
[ info ] [ LANG ] /data/wwwroot/az-ips.wxhoutai.com/thinkphp/lang/zh-cn.php
[ info ] [ BEHAVIOR ] Run app\common\behavior\Common @app_dispatch [ RunTime:0.000035s ]
[ info ] [ ROUTE ] array (
  'type' => 'module',
  'module' => 
  array (
    0 => '',
    1 => NULL,
    2 => NULL,
  ),
)
[ info ] [ HEADER ] array (
  'host' => '81.68.172.225:443',
  'content-type' => '',
  'content-length' => '',
)
[ info ] [ PARAM ] array (
)
[ info ] [ LANG ] /data/wwwroot/az-ips.wxhoutai.com/public/../application/index/lang/zh-cn.php
[ info ] [ BEHAVIOR ] Run app\common\behavior\Common @module_init [ RunTime:0.000053s ]
[ info ] [ BEHAVIOR ] Run \addons\third\Third @config_init [ RunTime:0.000028s ]
[ info ] [ LANG ] /data/wwwroot/az-ips.wxhoutai.com/public/../application/index/lang/zh-cn/index.php
[ info ] [ RUN ] app\index\controller\Index->index[ /data/wwwroot/az-ips.wxhoutai.com/application/index/controller/Index.php ]
[ info ] [ VIEW ] /data/wwwroot/az-ips.wxhoutai.com/public/../application/index/view/index/index.html [ array (
  0 => 'user',
  1 => 'site',
  2 => 'config',
) ]
[ info ] [ BEHAVIOR ] Run \addons\cms\Cms @view_filter [ RunTime:0.000014s ]
[ info ] [ LOG ] INIT File
---------------------------------------------------------------
[ 2020-10-01T13:42:38+08:00 ] 192.35.168.193 GET 81.68.172.225/
[运行时间：0.002753s] [吞吐率：363.24req/s] [内存消耗：477.84kb] [文件加载：129]
[ info ] [ BEHAVIOR ] Run Closure @app_init [ RunTime:0.000018s ]
[ info ] [ CACHE ] INIT File
[ info ] [ BEHAVIOR ] Run \addons\cms\Cms @app_init [ RunTime:0.000124s ]
[ info ] [ BEHAVIOR ] Run Closure @app_init [ RunTime:0.000135s ]
[ info ] [ LANG ] /data/wwwroot/az-ips.wxhoutai.com/thinkphp/lang/zh-cn.php
[ info ] [ BEHAVIOR ] Run app\common\behavior\Common @app_dispatch [ RunTime:0.000018s ]
[ info ] [ ROUTE ] array (
  'type' => 'module',
  'module' => 
  array (
    0 => '',
    1 => NULL,
    2 => NULL,
  ),
)
[ info ] [ HEADER ] array (
  'accept-encoding' => 'gzip',
  'accept' => '*/*',
  'user-agent' => 'Mozilla/5.0 (compatible; CensysInspect/1.1; +https://about.censys.io/)',
  'host' => '81.68.172.225',
  'content-type' => '',
  'content-length' => '',
)
[ info ] [ PARAM ] array (
)
[ info ] [ LANG ] /data/wwwroot/az-ips.wxhoutai.com/public/../application/index/lang/zh-cn.php
[ info ] [ BEHAVIOR ] Run app\common\behavior\Common @module_init [ RunTime:0.000048s ]
[ info ] [ BEHAVIOR ] Run \addons\third\Third @config_init [ RunTime:0.000030s ]
[ info ] [ LANG ] /data/wwwroot/az-ips.wxhoutai.com/public/../application/index/lang/zh-cn/index.php
[ info ] [ RUN ] app\index\controller\Index->index[ /data/wwwroot/az-ips.wxhoutai.com/application/index/controller/Index.php ]
[ info ] [ VIEW ] /data/wwwroot/az-ips.wxhoutai.com/public/../application/index/view/index/index.html [ array (
  0 => 'user',
  1 => 'site',
  2 => 'config',
) ]
[ info ] [ BEHAVIOR ] Run \addons\cms\Cms @view_filter [ RunTime:0.000018s ]
[ info ] [ LOG ] INIT File
---------------------------------------------------------------
[ 2020-10-01T14:48:54+08:00 ] 213.32.122.82 GET 81.68.172.225/
[运行时间：0.002846s] [吞吐率：351.37req/s] [内存消耗：477.80kb] [文件加载：129]
[ info ] [ BEHAVIOR ] Run Closure @app_init [ RunTime:0.000017s ]
[ info ] [ CACHE ] INIT File
[ info ] [ BEHAVIOR ] Run \addons\cms\Cms @app_init [ RunTime:0.000153s ]
[ info ] [ BEHAVIOR ] Run Closure @app_init [ RunTime:0.000164s ]
[ info ] [ LANG ] /data/wwwroot/az-ips.wxhoutai.com/thinkphp/lang/zh-cn.php
[ info ] [ BEHAVIOR ] Run app\common\behavior\Common @app_dispatch [ RunTime:0.000025s ]
[ info ] [ ROUTE ] array (
  'type' => 'module',
  'module' => 
  array (
    0 => '',
    1 => NULL,
    2 => NULL,
  ),
)
[ info ] [ HEADER ] array (
  'user-agent' => 'Mozilla/5.0 (Windows NT 6.1) AppleWebKit/537.36 (KHTML, like Gecko) Chrome/41.0.2228.0 Safari/537.36',
  'connection' => 'close',
  'host' => '81.68.172.225',
  'content-type' => '',
  'content-length' => '',
)
[ info ] [ PARAM ] array (
)
[ info ] [ LANG ] /data/wwwroot/az-ips.wxhoutai.com/public/../application/index/lang/zh-cn.php
[ info ] [ BEHAVIOR ] Run app\common\behavior\Common @module_init [ RunTime:0.000052s ]
[ info ] [ BEHAVIOR ] Run \addons\third\Third @config_init [ RunTime:0.000028s ]
[ info ] [ LANG ] /data/wwwroot/az-ips.wxhoutai.com/public/../application/index/lang/zh-cn/index.php
[ info ] [ RUN ] app\index\controller\Index->index[ /data/wwwroot/az-ips.wxhoutai.com/application/index/controller/Index.php ]
[ info ] [ VIEW ] /data/wwwroot/az-ips.wxhoutai.com/public/../application/index/view/index/index.html [ array (
  0 => 'user',
  1 => 'site',
  2 => 'config',
) ]
[ info ] [ BEHAVIOR ] Run \addons\cms\Cms @view_filter [ RunTime:0.000014s ]
[ info ] [ LOG ] INIT File
---------------------------------------------------------------
[ 2020-10-01T16:17:02+08:00 ] 128.14.209.154 GET 81.68.172.225/
[运行时间：0.002965s] [吞吐率：337.27req/s] [内存消耗：477.90kb] [文件加载：129]
[ info ] [ BEHAVIOR ] Run Closure @app_init [ RunTime:0.000016s ]
[ info ] [ CACHE ] INIT File
[ info ] [ BEHAVIOR ] Run \addons\cms\Cms @app_init [ RunTime:0.000135s ]
[ info ] [ BEHAVIOR ] Run Closure @app_init [ RunTime:0.000145s ]
[ info ] [ LANG ] /data/wwwroot/az-ips.wxhoutai.com/thinkphp/lang/zh-cn.php
[ info ] [ BEHAVIOR ] Run app\common\behavior\Common @app_dispatch [ RunTime:0.000023s ]
[ info ] [ ROUTE ] array (
  'type' => 'module',
  'module' => 
  array (
    0 => '',
    1 => NULL,
    2 => NULL,
  ),
)
[ info ] [ HEADER ] array (
  'accept-encoding' => 'gzip',
  'accept' => '*/*',
  'user-agent' => 'Mozilla/5.0 (Windows NT 10.0; Win64; x64) AppleWebKit/537.36 (KHTML, like Gecko) Chrome/60.0.3112.113 Safari/537.36',
  'host' => '81.68.172.225',
  'content-type' => '',
  'content-length' => '',
)
[ info ] [ PARAM ] array (
)
[ info ] [ LANG ] /data/wwwroot/az-ips.wxhoutai.com/public/../application/index/lang/zh-cn.php
[ info ] [ BEHAVIOR ] Run app\common\behavior\Common @module_init [ RunTime:0.000056s ]
[ info ] [ BEHAVIOR ] Run \addons\third\Third @config_init [ RunTime:0.000028s ]
[ info ] [ LANG ] /data/wwwroot/az-ips.wxhoutai.com/public/../application/index/lang/zh-cn/index.php
[ info ] [ RUN ] app\index\controller\Index->index[ /data/wwwroot/az-ips.wxhoutai.com/application/index/controller/Index.php ]
[ info ] [ VIEW ] /data/wwwroot/az-ips.wxhoutai.com/public/../application/index/view/index/index.html [ array (
  0 => 'user',
  1 => 'site',
  2 => 'config',
) ]
[ info ] [ BEHAVIOR ] Run \addons\cms\Cms @view_filter [ RunTime:0.000014s ]
[ info ] [ LOG ] INIT File
---------------------------------------------------------------
[ 2020-10-01T17:13:32+08:00 ] 193.118.53.202 GET 81.68.172.225/
[运行时间：0.003639s] [吞吐率：274.80req/s] [内存消耗：477.90kb] [文件加载：129]
[ info ] [ BEHAVIOR ] Run Closure @app_init [ RunTime:0.000018s ]
[ info ] [ CACHE ] INIT File
[ info ] [ BEHAVIOR ] Run \addons\cms\Cms @app_init [ RunTime:0.000148s ]
[ info ] [ BEHAVIOR ] Run Closure @app_init [ RunTime:0.000160s ]
[ info ] [ LANG ] /data/wwwroot/az-ips.wxhoutai.com/thinkphp/lang/zh-cn.php
[ info ] [ BEHAVIOR ] Run app\common\behavior\Common @app_dispatch [ RunTime:0.000026s ]
[ info ] [ ROUTE ] array (
  'type' => 'module',
  'module' => 
  array (
    0 => '',
    1 => NULL,
    2 => NULL,
  ),
)
[ info ] [ HEADER ] array (
  'accept-encoding' => 'gzip',
  'accept' => '*/*',
  'user-agent' => 'Mozilla/5.0 (Windows NT 10.0; Win64; x64) AppleWebKit/537.36 (KHTML, like Gecko) Chrome/60.0.3112.113 Safari/537.36',
  'host' => '81.68.172.225',
  'content-type' => '',
  'content-length' => '',
)
[ info ] [ PARAM ] array (
)
[ info ] [ LANG ] /data/wwwroot/az-ips.wxhoutai.com/public/../application/index/lang/zh-cn.php
[ info ] [ BEHAVIOR ] Run app\common\behavior\Common @module_init [ RunTime:0.000113s ]
[ info ] [ BEHAVIOR ] Run \addons\third\Third @config_init [ RunTime:0.000030s ]
[ info ] [ LANG ] /data/wwwroot/az-ips.wxhoutai.com/public/../application/index/lang/zh-cn/index.php
[ info ] [ RUN ] app\index\controller\Index->index[ /data/wwwroot/az-ips.wxhoutai.com/application/index/controller/Index.php ]
[ info ] [ VIEW ] /data/wwwroot/az-ips.wxhoutai.com/public/../application/index/view/index/index.html [ array (
  0 => 'user',
  1 => 'site',
  2 => 'config',
) ]
[ info ] [ BEHAVIOR ] Run \addons\cms\Cms @view_filter [ RunTime:0.000015s ]
[ info ] [ LOG ] INIT File
---------------------------------------------------------------
[ 2020-10-01T18:18:44+08:00 ] 103.145.13.24 GET 81.68.172.225:443/
[运行时间：0.002931s] [吞吐率：341.17req/s] [内存消耗：477.71kb] [文件加载：129]
[ info ] [ BEHAVIOR ] Run Closure @app_init [ RunTime:0.000016s ]
[ info ] [ CACHE ] INIT File
[ info ] [ BEHAVIOR ] Run \addons\cms\Cms @app_init [ RunTime:0.000141s ]
[ info ] [ BEHAVIOR ] Run Closure @app_init [ RunTime:0.000197s ]
[ info ] [ LANG ] /data/wwwroot/az-ips.wxhoutai.com/thinkphp/lang/zh-cn.php
[ info ] [ BEHAVIOR ] Run app\common\behavior\Common @app_dispatch [ RunTime:0.000029s ]
[ info ] [ ROUTE ] array (
  'type' => 'module',
  'module' => 
  array (
    0 => '',
    1 => NULL,
    2 => NULL,
  ),
)
[ info ] [ HEADER ] array (
  'user-agent' => 'libwww-perl/6.47',
  'host' => '81.68.172.225:443',
  'connection' => 'TE, close',
  'te' => 'deflate,gzip;q=0.3',
  'content-type' => '',
  'content-length' => '',
)
[ info ] [ PARAM ] array (
)
[ info ] [ LANG ] /data/wwwroot/az-ips.wxhoutai.com/public/../application/index/lang/zh-cn.php
[ info ] [ BEHAVIOR ] Run app\common\behavior\Common @module_init [ RunTime:0.000054s ]
[ info ] [ BEHAVIOR ] Run \addons\third\Third @config_init [ RunTime:0.000028s ]
[ info ] [ LANG ] /data/wwwroot/az-ips.wxhoutai.com/public/../application/index/lang/zh-cn/index.php
[ info ] [ RUN ] app\index\controller\Index->index[ /data/wwwroot/az-ips.wxhoutai.com/application/index/controller/Index.php ]
[ info ] [ VIEW ] /data/wwwroot/az-ips.wxhoutai.com/public/../application/index/view/index/index.html [ array (
  0 => 'user',
  1 => 'site',
  2 => 'config',
) ]
[ info ] [ BEHAVIOR ] Run \addons\cms\Cms @view_filter [ RunTime:0.000015s ]
[ info ] [ LOG ] INIT File
---------------------------------------------------------------
[ 2020-10-01T18:56:24+08:00 ] 83.97.20.35 GET 81.68.172.225/
[运行时间：0.003883s] [吞吐率：257.52req/s] [内存消耗：477.20kb] [文件加载：129]
[ info ] [ BEHAVIOR ] Run Closure @app_init [ RunTime:0.000020s ]
[ info ] [ CACHE ] INIT File
[ info ] [ BEHAVIOR ] Run \addons\cms\Cms @app_init [ RunTime:0.000142s ]
[ info ] [ BEHAVIOR ] Run Closure @app_init [ RunTime:0.000153s ]
[ info ] [ LANG ] /data/wwwroot/az-ips.wxhoutai.com/thinkphp/lang/zh-cn.php
[ info ] [ BEHAVIOR ] Run app\common\behavior\Common @app_dispatch [ RunTime:0.000024s ]
[ info ] [ ROUTE ] array (
  'type' => 'module',
  'module' => 
  array (
    0 => '',
    1 => NULL,
    2 => NULL,
  ),
)
[ info ] [ HEADER ] array (
  'connection' => 'close',
  'host' => '81.68.172.225',
  'content-type' => '',
  'content-length' => '',
)
[ info ] [ PARAM ] array (
)
[ info ] [ LANG ] /data/wwwroot/az-ips.wxhoutai.com/public/../application/index/lang/zh-cn.php
[ info ] [ BEHAVIOR ] Run app\common\behavior\Common @module_init [ RunTime:0.000059s ]
[ info ] [ BEHAVIOR ] Run \addons\third\Third @config_init [ RunTime:0.000052s ]
[ info ] [ LANG ] /data/wwwroot/az-ips.wxhoutai.com/public/../application/index/lang/zh-cn/index.php
[ info ] [ RUN ] app\index\controller\Index->index[ /data/wwwroot/az-ips.wxhoutai.com/application/index/controller/Index.php ]
[ info ] [ VIEW ] /data/wwwroot/az-ips.wxhoutai.com/public/../application/index/view/index/index.html [ array (
  0 => 'user',
  1 => 'site',
  2 => 'config',
) ]
[ info ] [ BEHAVIOR ] Run \addons\cms\Cms @view_filter [ RunTime:0.000017s ]
[ info ] [ LOG ] INIT File
---------------------------------------------------------------
[ 2020-10-01T21:27:52+08:00 ] 103.145.13.24 GET 81.68.172.225:443/
[运行时间：0.003971s] [吞吐率：251.82req/s] [内存消耗：477.71kb] [文件加载：129]
[ info ] [ BEHAVIOR ] Run Closure @app_init [ RunTime:0.000074s ]
[ info ] [ CACHE ] INIT File
[ info ] [ BEHAVIOR ] Run \addons\cms\Cms @app_init [ RunTime:0.000140s ]
[ info ] [ BEHAVIOR ] Run Closure @app_init [ RunTime:0.000150s ]
[ info ] [ LANG ] /data/wwwroot/az-ips.wxhoutai.com/thinkphp/lang/zh-cn.php
[ info ] [ BEHAVIOR ] Run app\common\behavior\Common @app_dispatch [ RunTime:0.000023s ]
[ info ] [ ROUTE ] array (
  'type' => 'module',
  'module' => 
  array (
    0 => '',
    1 => NULL,
    2 => NULL,
  ),
)
[ info ] [ HEADER ] array (
  'user-agent' => 'libwww-perl/6.47',
  'host' => '81.68.172.225:443',
  'connection' => 'TE, close',
  'te' => 'deflate,gzip;q=0.3',
  'content-type' => '',
  'content-length' => '',
)
[ info ] [ PARAM ] array (
)
[ info ] [ LANG ] /data/wwwroot/az-ips.wxhoutai.com/public/../application/index/lang/zh-cn.php
[ info ] [ BEHAVIOR ] Run app\common\behavior\Common @module_init [ RunTime:0.000058s ]
[ info ] [ BEHAVIOR ] Run \addons\third\Third @config_init [ RunTime:0.000029s ]
[ info ] [ LANG ] /data/wwwroot/az-ips.wxhoutai.com/public/../application/index/lang/zh-cn/index.php
[ info ] [ RUN ] app\index\controller\Index->index[ /data/wwwroot/az-ips.wxhoutai.com/application/index/controller/Index.php ]
[ info ] [ VIEW ] /data/wwwroot/az-ips.wxhoutai.com/public/../application/index/view/index/index.html [ array (
  0 => 'user',
  1 => 'site',
  2 => 'config',
) ]
[ info ] [ BEHAVIOR ] Run \addons\cms\Cms @view_filter [ RunTime:0.000020s ]
[ info ] [ LOG ] INIT File
---------------------------------------------------------------
[ 2020-10-01T21:30:44+08:00 ] 83.97.20.35 GET 81.68.172.225/
[运行时间：0.002777s] [吞吐率：360.12req/s] [内存消耗：477.20kb] [文件加载：129]
[ info ] [ BEHAVIOR ] Run Closure @app_init [ RunTime:0.000016s ]
[ info ] [ CACHE ] INIT File
[ info ] [ BEHAVIOR ] Run \addons\cms\Cms @app_init [ RunTime:0.000135s ]
[ info ] [ BEHAVIOR ] Run Closure @app_init [ RunTime:0.000145s ]
[ info ] [ LANG ] /data/wwwroot/az-ips.wxhoutai.com/thinkphp/lang/zh-cn.php
[ info ] [ BEHAVIOR ] Run app\common\behavior\Common @app_dispatch [ RunTime:0.000022s ]
[ info ] [ ROUTE ] array (
  'type' => 'module',
  'module' => 
  array (
    0 => '',
    1 => NULL,
    2 => NULL,
  ),
)
[ info ] [ HEADER ] array (
  'connection' => 'close',
  'host' => '81.68.172.225',
  'content-type' => '',
  'content-length' => '',
)
[ info ] [ PARAM ] array (
)
[ info ] [ LANG ] /data/wwwroot/az-ips.wxhoutai.com/public/../application/index/lang/zh-cn.php
[ info ] [ BEHAVIOR ] Run app\common\behavior\Common @module_init [ RunTime:0.000061s ]
[ info ] [ BEHAVIOR ] Run \addons\third\Third @config_init [ RunTime:0.000029s ]
[ info ] [ LANG ] /data/wwwroot/az-ips.wxhoutai.com/public/../application/index/lang/zh-cn/index.php
[ info ] [ RUN ] app\index\controller\Index->index[ /data/wwwroot/az-ips.wxhoutai.com/application/index/controller/Index.php ]
[ info ] [ VIEW ] /data/wwwroot/az-ips.wxhoutai.com/public/../application/index/view/index/index.html [ array (
  0 => 'user',
  1 => 'site',
  2 => 'config',
) ]
[ info ] [ BEHAVIOR ] Run \addons\cms\Cms @view_filter [ RunTime:0.000014s ]
[ info ] [ LOG ] INIT File
---------------------------------------------------------------
[ 2020-10-01T22:14:12+08:00 ] 183.60.141.171 GET 81.68.172.225/
[运行时间：0.002963s] [吞吐率：337.49req/s] [内存消耗：477.34kb] [文件加载：129]
[ info ] [ BEHAVIOR ] Run Closure @app_init [ RunTime:0.000017s ]
[ info ] [ CACHE ] INIT File
[ info ] [ BEHAVIOR ] Run \addons\cms\Cms @app_init [ RunTime:0.000179s ]
[ info ] [ BEHAVIOR ] Run Closure @app_init [ RunTime:0.000190s ]
[ info ] [ LANG ] /data/wwwroot/az-ips.wxhoutai.com/thinkphp/lang/zh-cn.php
[ info ] [ BEHAVIOR ] Run app\common\behavior\Common @app_dispatch [ RunTime:0.000035s ]
[ info ] [ ROUTE ] array (
  'type' => 'module',
  'module' => 
  array (
    0 => '',
    1 => NULL,
    2 => NULL,
  ),
)
[ info ] [ HEADER ] array (
  'accept-encoding' => 'gzip',
  'user-agent' => 'Mozilla/5.0',
  'host' => '81.68.172.225',
  'content-type' => '',
  'content-length' => '',
)
[ info ] [ PARAM ] array (
)
[ info ] [ LANG ] /data/wwwroot/az-ips.wxhoutai.com/public/../application/index/lang/zh-cn.php
[ info ] [ BEHAVIOR ] Run app\common\behavior\Common @module_init [ RunTime:0.000055s ]
[ info ] [ BEHAVIOR ] Run \addons\third\Third @config_init [ RunTime:0.000027s ]
[ info ] [ LANG ] /data/wwwroot/az-ips.wxhoutai.com/public/../application/index/lang/zh-cn/index.php
[ info ] [ RUN ] app\index\controller\Index->index[ /data/wwwroot/az-ips.wxhoutai.com/application/index/controller/Index.php ]
[ info ] [ VIEW ] /data/wwwroot/az-ips.wxhoutai.com/public/../application/index/view/index/index.html [ array (
  0 => 'user',
  1 => 'site',
  2 => 'config',
) ]
[ info ] [ BEHAVIOR ] Run \addons\cms\Cms @view_filter [ RunTime:0.000015s ]
[ info ] [ LOG ] INIT File
