---------------------------------------------------------------
[ 2020-10-07T03:08:14+08:00 ] 193.118.53.202 GET 81.68.172.225/
[运行时间：0.002876s] [吞吐率：347.70req/s] [内存消耗：477.89kb] [文件加载：129]
[ info ] [ BEHAVIOR ] Run Closure @app_init [ RunTime:0.000016s ]
[ info ] [ CACHE ] INIT File
[ info ] [ BEHAVIOR ] Run \addons\cms\Cms @app_init [ RunTime:0.000140s ]
[ info ] [ BEHAVIOR ] Run Closure @app_init [ RunTime:0.000150s ]
[ info ] [ LANG ] /data/wwwroot/az-ips.wxhoutai.com/thinkphp/lang/zh-cn.php
[ info ] [ BEHAVIOR ] Run app\common\behavior\Common @app_dispatch [ RunTime:0.000024s ]
[ info ] [ ROUTE ] array (
  'type' => 'module',
  'module' => 
  array (
    0 => '',
    1 => NULL,
    2 => NULL,
  ),
)
[ info ] [ HEADER ] array (
  'accept-encoding' => 'gzip',
  'accept' => '*/*',
  'user-agent' => 'Mozilla/5.0 (Windows NT 10.0; Win64; x64) AppleWebKit/537.36 (KHTML, like Gecko) Chrome/60.0.3112.113 Safari/537.36',
  'host' => '81.68.172.225',
  'content-type' => '',
  'content-length' => '',
)
[ info ] [ PARAM ] array (
)
[ info ] [ LANG ] /data/wwwroot/az-ips.wxhoutai.com/public/../application/index/lang/zh-cn.php
[ info ] [ BEHAVIOR ] Run app\common\behavior\Common @module_init [ RunTime:0.000049s ]
[ info ] [ BEHAVIOR ] Run \addons\third\Third @config_init [ RunTime:0.000026s ]
[ info ] [ LANG ] /data/wwwroot/az-ips.wxhoutai.com/public/../application/index/lang/zh-cn/index.php
[ info ] [ RUN ] app\index\controller\Index->index[ /data/wwwroot/az-ips.wxhoutai.com/application/index/controller/Index.php ]
[ info ] [ VIEW ] /data/wwwroot/az-ips.wxhoutai.com/public/../application/index/view/index/index.html [ array (
  0 => 'user',
  1 => 'site',
  2 => 'config',
) ]
[ info ] [ BEHAVIOR ] Run \addons\cms\Cms @view_filter [ RunTime:0.000015s ]
[ info ] [ LOG ] INIT File
---------------------------------------------------------------
[ 2020-10-07T04:15:45+08:00 ] 162.142.125.52 GET 81.68.172.225:443/
[运行时间：0.003011s] [吞吐率：332.12req/s] [内存消耗：477.13kb] [文件加载：129]
[ info ] [ BEHAVIOR ] Run Closure @app_init [ RunTime:0.000018s ]
[ info ] [ CACHE ] INIT File
[ info ] [ BEHAVIOR ] Run \addons\cms\Cms @app_init [ RunTime:0.000164s ]
[ info ] [ BEHAVIOR ] Run Closure @app_init [ RunTime:0.000175s ]
[ info ] [ LANG ] /data/wwwroot/az-ips.wxhoutai.com/thinkphp/lang/zh-cn.php
[ info ] [ BEHAVIOR ] Run app\common\behavior\Common @app_dispatch [ RunTime:0.000023s ]
[ info ] [ ROUTE ] array (
  'type' => 'module',
  'module' => 
  array (
    0 => '',
    1 => NULL,
    2 => NULL,
  ),
)
[ info ] [ HEADER ] array (
  'host' => '81.68.172.225:443',
  'content-type' => '',
  'content-length' => '',
)
[ info ] [ PARAM ] array (
)
[ info ] [ LANG ] /data/wwwroot/az-ips.wxhoutai.com/public/../application/index/lang/zh-cn.php
[ info ] [ BEHAVIOR ] Run app\common\behavior\Common @module_init [ RunTime:0.000053s ]
[ info ] [ BEHAVIOR ] Run \addons\third\Third @config_init [ RunTime:0.000029s ]
[ info ] [ LANG ] /data/wwwroot/az-ips.wxhoutai.com/public/../application/index/lang/zh-cn/index.php
[ info ] [ RUN ] app\index\controller\Index->index[ /data/wwwroot/az-ips.wxhoutai.com/application/index/controller/Index.php ]
[ info ] [ VIEW ] /data/wwwroot/az-ips.wxhoutai.com/public/../application/index/view/index/index.html [ array (
  0 => 'user',
  1 => 'site',
  2 => 'config',
) ]
[ info ] [ BEHAVIOR ] Run \addons\cms\Cms @view_filter [ RunTime:0.000015s ]
[ info ] [ LOG ] INIT File
---------------------------------------------------------------
[ 2020-10-07T04:15:46+08:00 ] 162.142.125.52 GET 81.68.172.225/
[运行时间：0.002409s] [吞吐率：415.11req/s] [内存消耗：477.84kb] [文件加载：129]
[ info ] [ BEHAVIOR ] Run Closure @app_init [ RunTime:0.000019s ]
[ info ] [ CACHE ] INIT File
[ info ] [ BEHAVIOR ] Run \addons\cms\Cms @app_init [ RunTime:0.000117s ]
[ info ] [ BEHAVIOR ] Run Closure @app_init [ RunTime:0.000127s ]
[ info ] [ LANG ] /data/wwwroot/az-ips.wxhoutai.com/thinkphp/lang/zh-cn.php
[ info ] [ BEHAVIOR ] Run app\common\behavior\Common @app_dispatch [ RunTime:0.000017s ]
[ info ] [ ROUTE ] array (
  'type' => 'module',
  'module' => 
  array (
    0 => '',
    1 => NULL,
    2 => NULL,
  ),
)
[ info ] [ HEADER ] array (
  'accept-encoding' => 'gzip',
  'accept' => '*/*',
  'user-agent' => 'Mozilla/5.0 (compatible; CensysInspect/1.1; +https://about.censys.io/)',
  'host' => '81.68.172.225',
  'content-type' => '',
  'content-length' => '',
)
[ info ] [ PARAM ] array (
)
[ info ] [ LANG ] /data/wwwroot/az-ips.wxhoutai.com/public/../application/index/lang/zh-cn.php
[ info ] [ BEHAVIOR ] Run app\common\behavior\Common @module_init [ RunTime:0.000050s ]
[ info ] [ BEHAVIOR ] Run \addons\third\Third @config_init [ RunTime:0.000025s ]
[ info ] [ LANG ] /data/wwwroot/az-ips.wxhoutai.com/public/../application/index/lang/zh-cn/index.php
[ info ] [ RUN ] app\index\controller\Index->index[ /data/wwwroot/az-ips.wxhoutai.com/application/index/controller/Index.php ]
[ info ] [ VIEW ] /data/wwwroot/az-ips.wxhoutai.com/public/../application/index/view/index/index.html [ array (
  0 => 'user',
  1 => 'site',
  2 => 'config',
) ]
[ info ] [ BEHAVIOR ] Run \addons\cms\Cms @view_filter [ RunTime:0.000014s ]
[ info ] [ LOG ] INIT File
---------------------------------------------------------------
[ 2020-10-07T04:49:12+08:00 ] 128.14.209.242 GET 81.68.172.225/
[运行时间：0.003195s] [吞吐率：312.98req/s] [内存消耗：477.90kb] [文件加载：129]
[ info ] [ BEHAVIOR ] Run Closure @app_init [ RunTime:0.000018s ]
[ info ] [ CACHE ] INIT File
[ info ] [ BEHAVIOR ] Run \addons\cms\Cms @app_init [ RunTime:0.000144s ]
[ info ] [ BEHAVIOR ] Run Closure @app_init [ RunTime:0.000155s ]
[ info ] [ LANG ] /data/wwwroot/az-ips.wxhoutai.com/thinkphp/lang/zh-cn.php
[ info ] [ BEHAVIOR ] Run app\common\behavior\Common @app_dispatch [ RunTime:0.000025s ]
[ info ] [ ROUTE ] array (
  'type' => 'module',
  'module' => 
  array (
    0 => '',
    1 => NULL,
    2 => NULL,
  ),
)
[ info ] [ HEADER ] array (
  'accept-encoding' => 'gzip',
  'accept' => '*/*',
  'user-agent' => 'Mozilla/5.0 (Windows NT 10.0; Win64; x64) AppleWebKit/537.36 (KHTML, like Gecko) Chrome/60.0.3112.113 Safari/537.36',
  'host' => '81.68.172.225',
  'content-type' => '',
  'content-length' => '',
)
[ info ] [ PARAM ] array (
)
[ info ] [ LANG ] /data/wwwroot/az-ips.wxhoutai.com/public/../application/index/lang/zh-cn.php
[ info ] [ BEHAVIOR ] Run app\common\behavior\Common @module_init [ RunTime:0.000065s ]
[ info ] [ BEHAVIOR ] Run \addons\third\Third @config_init [ RunTime:0.000026s ]
[ info ] [ LANG ] /data/wwwroot/az-ips.wxhoutai.com/public/../application/index/lang/zh-cn/index.php
[ info ] [ RUN ] app\index\controller\Index->index[ /data/wwwroot/az-ips.wxhoutai.com/application/index/controller/Index.php ]
[ info ] [ VIEW ] /data/wwwroot/az-ips.wxhoutai.com/public/../application/index/view/index/index.html [ array (
  0 => 'user',
  1 => 'site',
  2 => 'config',
) ]
[ info ] [ BEHAVIOR ] Run \addons\cms\Cms @view_filter [ RunTime:0.000014s ]
[ info ] [ LOG ] INIT File
---------------------------------------------------------------
[ 2020-10-07T06:46:23+08:00 ] 83.97.20.35 GET 81.68.172.225/
[运行时间：0.003351s] [吞吐率：298.40req/s] [内存消耗：477.20kb] [文件加载：129]
[ info ] [ BEHAVIOR ] Run Closure @app_init [ RunTime:0.000017s ]
[ info ] [ CACHE ] INIT File
[ info ] [ BEHAVIOR ] Run \addons\cms\Cms @app_init [ RunTime:0.000149s ]
[ info ] [ BEHAVIOR ] Run Closure @app_init [ RunTime:0.000160s ]
[ info ] [ LANG ] /data/wwwroot/az-ips.wxhoutai.com/thinkphp/lang/zh-cn.php
[ info ] [ BEHAVIOR ] Run app\common\behavior\Common @app_dispatch [ RunTime:0.000027s ]
[ info ] [ ROUTE ] array (
  'type' => 'module',
  'module' => 
  array (
    0 => '',
    1 => NULL,
    2 => NULL,
  ),
)
[ info ] [ HEADER ] array (
  'connection' => 'close',
  'host' => '81.68.172.225',
  'content-type' => '',
  'content-length' => '',
)
[ info ] [ PARAM ] array (
)
[ info ] [ LANG ] /data/wwwroot/az-ips.wxhoutai.com/public/../application/index/lang/zh-cn.php
[ info ] [ BEHAVIOR ] Run app\common\behavior\Common @module_init [ RunTime:0.000055s ]
[ info ] [ BEHAVIOR ] Run \addons\third\Third @config_init [ RunTime:0.000028s ]
[ info ] [ LANG ] /data/wwwroot/az-ips.wxhoutai.com/public/../application/index/lang/zh-cn/index.php
[ info ] [ RUN ] app\index\controller\Index->index[ /data/wwwroot/az-ips.wxhoutai.com/application/index/controller/Index.php ]
[ info ] [ VIEW ] /data/wwwroot/az-ips.wxhoutai.com/public/../application/index/view/index/index.html [ array (
  0 => 'user',
  1 => 'site',
  2 => 'config',
) ]
[ info ] [ BEHAVIOR ] Run \addons\cms\Cms @view_filter [ RunTime:0.000015s ]
[ info ] [ LOG ] INIT File
---------------------------------------------------------------
[ 2020-10-07T06:47:25+08:00 ] 94.102.51.119 GET 81.68.172.225:443/
[运行时间：0.003252s] [吞吐率：307.50req/s] [内存消耗：455.31kb] [文件加载：126]
[ info ] [ BEHAVIOR ] Run Closure @app_init [ RunTime:0.000019s ]
[ info ] [ CACHE ] INIT File
[ info ] [ BEHAVIOR ] Run \addons\cms\Cms @app_init [ RunTime:0.000182s ]
[ info ] [ BEHAVIOR ] Run Closure @app_init [ RunTime:0.000221s ]
[ info ] [ BEHAVIOR ] Run app\common\behavior\Common @app_dispatch [ RunTime:0.000025s ]
[ info ] [ ROUTE ] array (
  'type' => 'module',
  'module' => 
  array (
    0 => '',
    1 => NULL,
    2 => NULL,
  ),
)
[ info ] [ HEADER ] array (
  'upgrade-insecure-requests' => '1',
  'connection' => 'close',
  'accept-encoding' => 'gzip, deflate',
  'accept-language' => 'en-GB,en;q=0.5',
  'accept' => 'text/html,application/xhtml+xml,application/xml;q=0.9,image/webp,*/*;q=0.8',
  'user-agent' => 'Mozilla/5.0 (X11; Ubuntu; Linux x86_64; rv:76.0) Gecko/20100101 Firefox/76.0',
  'host' => '81.68.172.225:443',
  'content-type' => '',
  'content-length' => '',
)
[ info ] [ PARAM ] array (
)
[ info ] [ BEHAVIOR ] Run app\common\behavior\Common @module_init [ RunTime:0.000055s ]
[ info ] [ BEHAVIOR ] Run \addons\third\Third @config_init [ RunTime:0.000028s ]
[ info ] [ RUN ] app\index\controller\Index->index[ /data/wwwroot/az-ips.wxhoutai.com/application/index/controller/Index.php ]
[ info ] [ VIEW ] /data/wwwroot/az-ips.wxhoutai.com/public/../application/index/view/index/index.html [ array (
  0 => 'user',
  1 => 'site',
  2 => 'config',
) ]
[ info ] [ BEHAVIOR ] Run \addons\cms\Cms @view_filter [ RunTime:0.000015s ]
[ info ] [ LOG ] INIT File
---------------------------------------------------------------
[ 2020-10-07T08:45:29+08:00 ] 193.118.53.210 GET 81.68.172.225/
[运行时间：0.002949s] [吞吐率：339.10req/s] [内存消耗：477.90kb] [文件加载：129]
[ info ] [ BEHAVIOR ] Run Closure @app_init [ RunTime:0.000015s ]
[ info ] [ CACHE ] INIT File
[ info ] [ BEHAVIOR ] Run \addons\cms\Cms @app_init [ RunTime:0.000146s ]
[ info ] [ BEHAVIOR ] Run Closure @app_init [ RunTime:0.000156s ]
[ info ] [ LANG ] /data/wwwroot/az-ips.wxhoutai.com/thinkphp/lang/zh-cn.php
[ info ] [ BEHAVIOR ] Run app\common\behavior\Common @app_dispatch [ RunTime:0.000023s ]
[ info ] [ ROUTE ] array (
  'type' => 'module',
  'module' => 
  array (
    0 => '',
    1 => NULL,
    2 => NULL,
  ),
)
[ info ] [ HEADER ] array (
  'accept-encoding' => 'gzip',
  'accept' => '*/*',
  'user-agent' => 'Mozilla/5.0 (Windows NT 10.0; Win64; x64) AppleWebKit/537.36 (KHTML, like Gecko) Chrome/60.0.3112.113 Safari/537.36',
  'host' => '81.68.172.225',
  'content-type' => '',
  'content-length' => '',
)
[ info ] [ PARAM ] array (
)
[ info ] [ LANG ] /data/wwwroot/az-ips.wxhoutai.com/public/../application/index/lang/zh-cn.php
[ info ] [ BEHAVIOR ] Run app\common\behavior\Common @module_init [ RunTime:0.000051s ]
[ info ] [ BEHAVIOR ] Run \addons\third\Third @config_init [ RunTime:0.000028s ]
[ info ] [ LANG ] /data/wwwroot/az-ips.wxhoutai.com/public/../application/index/lang/zh-cn/index.php
[ info ] [ RUN ] app\index\controller\Index->index[ /data/wwwroot/az-ips.wxhoutai.com/application/index/controller/Index.php ]
[ info ] [ VIEW ] /data/wwwroot/az-ips.wxhoutai.com/public/../application/index/view/index/index.html [ array (
  0 => 'user',
  1 => 'site',
  2 => 'config',
) ]
[ info ] [ BEHAVIOR ] Run \addons\cms\Cms @view_filter [ RunTime:0.000031s ]
[ info ] [ LOG ] INIT File
---------------------------------------------------------------
[ 2020-10-07T12:33:07+08:00 ] 192.241.239.251 GET 81.68.172.225/owa/auth/logon.aspx?url=https%3a%2f%2f1%2fecp%2f
[运行时间：0.003184s] [吞吐率：314.06req/s] [内存消耗：355.21kb] [文件加载：118]
[ info ] [ BEHAVIOR ] Run Closure @app_init [ RunTime:0.000017s ]
[ info ] [ CACHE ] INIT File
[ info ] [ BEHAVIOR ] Run \addons\cms\Cms @app_init [ RunTime:0.000144s ]
[ info ] [ BEHAVIOR ] Run Closure @app_init [ RunTime:0.000155s ]
[ info ] [ LANG ] /data/wwwroot/az-ips.wxhoutai.com/thinkphp/lang/zh-cn.php
[ info ] [ BEHAVIOR ] Run app\common\behavior\Common @app_dispatch [ RunTime:0.000028s ]
[ info ] [ ROUTE ] array (
  'type' => 'module',
  'module' => 
  array (
    0 => 'owa',
    1 => 'auth',
    2 => 'logon.aspx',
  ),
)
[ info ] [ HEADER ] array (
  'accept-encoding' => 'gzip',
  'accept' => '*/*',
  'user-agent' => 'Mozilla/5.0 zgrab/0.x',
  'host' => '81.68.172.225',
  'content-type' => '',
  'content-length' => '',
)
[ info ] [ PARAM ] array (
  'url' => 'https://1/ecp/',
)
[ info ] [ LOG ] INIT File
---------------------------------------------------------------
[ 2020-10-07T14:05:03+08:00 ] 83.97.20.35 GET 81.68.172.225/
[运行时间：0.003176s] [吞吐率：314.86req/s] [内存消耗：477.20kb] [文件加载：129]
[ info ] [ BEHAVIOR ] Run Closure @app_init [ RunTime:0.000016s ]
[ info ] [ CACHE ] INIT File
[ info ] [ BEHAVIOR ] Run \addons\cms\Cms @app_init [ RunTime:0.000150s ]
[ info ] [ BEHAVIOR ] Run Closure @app_init [ RunTime:0.000161s ]
[ info ] [ LANG ] /data/wwwroot/az-ips.wxhoutai.com/thinkphp/lang/zh-cn.php
[ info ] [ BEHAVIOR ] Run app\common\behavior\Common @app_dispatch [ RunTime:0.000029s ]
[ info ] [ ROUTE ] array (
  'type' => 'module',
  'module' => 
  array (
    0 => '',
    1 => NULL,
    2 => NULL,
  ),
)
[ info ] [ HEADER ] array (
  'connection' => 'close',
  'host' => '81.68.172.225',
  'content-type' => '',
  'content-length' => '',
)
[ info ] [ PARAM ] array (
)
[ info ] [ LANG ] /data/wwwroot/az-ips.wxhoutai.com/public/../application/index/lang/zh-cn.php
[ info ] [ BEHAVIOR ] Run app\common\behavior\Common @module_init [ RunTime:0.000056s ]
[ info ] [ BEHAVIOR ] Run \addons\third\Third @config_init [ RunTime:0.000029s ]
[ info ] [ LANG ] /data/wwwroot/az-ips.wxhoutai.com/public/../application/index/lang/zh-cn/index.php
[ info ] [ RUN ] app\index\controller\Index->index[ /data/wwwroot/az-ips.wxhoutai.com/application/index/controller/Index.php ]
[ info ] [ VIEW ] /data/wwwroot/az-ips.wxhoutai.com/public/../application/index/view/index/index.html [ array (
  0 => 'user',
  1 => 'site',
  2 => 'config',
) ]
[ info ] [ BEHAVIOR ] Run \addons\cms\Cms @view_filter [ RunTime:0.000015s ]
[ info ] [ LOG ] INIT File
---------------------------------------------------------------
[ 2020-10-07T14:39:51+08:00 ] 115.238.44.237 GET /
[运行时间：0.002946s] [吞吐率：339.45req/s] [内存消耗：477.02kb] [文件加载：129]
[ info ] [ BEHAVIOR ] Run Closure @app_init [ RunTime:0.000016s ]
[ info ] [ CACHE ] INIT File
[ info ] [ BEHAVIOR ] Run \addons\cms\Cms @app_init [ RunTime:0.000142s ]
[ info ] [ BEHAVIOR ] Run Closure @app_init [ RunTime:0.000153s ]
[ info ] [ LANG ] /data/wwwroot/az-ips.wxhoutai.com/thinkphp/lang/zh-cn.php
[ info ] [ BEHAVIOR ] Run app\common\behavior\Common @app_dispatch [ RunTime:0.000024s ]
[ info ] [ ROUTE ] array (
  'type' => 'module',
  'module' => 
  array (
    0 => '',
    1 => NULL,
    2 => NULL,
  ),
)
[ info ] [ HEADER ] array (
  'content-type' => '',
  'content-length' => '',
)
[ info ] [ PARAM ] array (
)
[ info ] [ LANG ] /data/wwwroot/az-ips.wxhoutai.com/public/../application/index/lang/zh-cn.php
[ info ] [ BEHAVIOR ] Run app\common\behavior\Common @module_init [ RunTime:0.000051s ]
[ info ] [ BEHAVIOR ] Run \addons\third\Third @config_init [ RunTime:0.000028s ]
[ info ] [ LANG ] /data/wwwroot/az-ips.wxhoutai.com/public/../application/index/lang/zh-cn/index.php
[ info ] [ RUN ] app\index\controller\Index->index[ /data/wwwroot/az-ips.wxhoutai.com/application/index/controller/Index.php ]
[ info ] [ VIEW ] /data/wwwroot/az-ips.wxhoutai.com/public/../application/index/view/index/index.html [ array (
  0 => 'user',
  1 => 'site',
  2 => 'config',
) ]
[ info ] [ BEHAVIOR ] Run \addons\cms\Cms @view_filter [ RunTime:0.000015s ]
[ info ] [ LOG ] INIT File
---------------------------------------------------------------
[ 2020-10-07T15:40:56+08:00 ] 117.54.131.52 GET 81.68.172.225:443/
[运行时间：0.003278s] [吞吐率：305.06req/s] [内存消耗：477.72kb] [文件加载：129]
[ info ] [ BEHAVIOR ] Run Closure @app_init [ RunTime:0.000016s ]
[ info ] [ CACHE ] INIT File
[ info ] [ BEHAVIOR ] Run \addons\cms\Cms @app_init [ RunTime:0.000166s ]
[ info ] [ BEHAVIOR ] Run Closure @app_init [ RunTime:0.000177s ]
[ info ] [ LANG ] /data/wwwroot/az-ips.wxhoutai.com/thinkphp/lang/zh-cn.php
[ info ] [ BEHAVIOR ] Run app\common\behavior\Common @app_dispatch [ RunTime:0.000025s ]
[ info ] [ ROUTE ] array (
  'type' => 'module',
  'module' => 
  array (
    0 => '',
    1 => NULL,
    2 => NULL,
  ),
)
[ info ] [ HEADER ] array (
  'accept-encoding' => 'gzip',
  'connection' => 'close',
  'user-agent' => 'Go-http-client/1.1',
  'host' => '81.68.172.225:443',
  'content-type' => '',
  'content-length' => '',
)
[ info ] [ PARAM ] array (
)
[ info ] [ LANG ] /data/wwwroot/az-ips.wxhoutai.com/public/../application/index/lang/zh-cn.php
[ info ] [ BEHAVIOR ] Run app\common\behavior\Common @module_init [ RunTime:0.000066s ]
[ info ] [ BEHAVIOR ] Run \addons\third\Third @config_init [ RunTime:0.000029s ]
[ info ] [ LANG ] /data/wwwroot/az-ips.wxhoutai.com/public/../application/index/lang/zh-cn/index.php
[ info ] [ RUN ] app\index\controller\Index->index[ /data/wwwroot/az-ips.wxhoutai.com/application/index/controller/Index.php ]
[ info ] [ VIEW ] /data/wwwroot/az-ips.wxhoutai.com/public/../application/index/view/index/index.html [ array (
  0 => 'user',
  1 => 'site',
  2 => 'config',
) ]
[ info ] [ BEHAVIOR ] Run \addons\cms\Cms @view_filter [ RunTime:0.000014s ]
[ info ] [ LOG ] INIT File
---------------------------------------------------------------
[ 2020-10-07T16:05:05+08:00 ] 93.174.89.36 GET 81.68.172.225/
[运行时间：0.004680s] [吞吐率：213.68req/s] [内存消耗：477.96kb] [文件加载：129]
[ info ] [ BEHAVIOR ] Run Closure @app_init [ RunTime:0.000016s ]
[ info ] [ CACHE ] INIT File
[ info ] [ BEHAVIOR ] Run \addons\cms\Cms @app_init [ RunTime:0.000186s ]
[ info ] [ BEHAVIOR ] Run Closure @app_init [ RunTime:0.000218s ]
[ info ] [ LANG ] /data/wwwroot/az-ips.wxhoutai.com/thinkphp/lang/zh-cn.php
[ info ] [ BEHAVIOR ] Run app\common\behavior\Common @app_dispatch [ RunTime:0.000027s ]
[ info ] [ ROUTE ] array (
  'type' => 'module',
  'module' => 
  array (
    0 => '',
    1 => NULL,
    2 => NULL,
  ),
)
[ info ] [ HEADER ] array (
  'accept-encoding' => 'gzip, deflate',
  'accept' => '*/*',
  'user-agent' => 'Mozilla/5.0 (Windows NT 10.0; Win64; x64) AppleWebKit/537.36 (KHTML, like Gecko) Chrome/74.0.3729.169 Safari/537.36',
  'host' => '81.68.172.225',
  'content-type' => '',
  'content-length' => '',
)
[ info ] [ PARAM ] array (
)
[ info ] [ LANG ] /data/wwwroot/az-ips.wxhoutai.com/public/../application/index/lang/zh-cn.php
[ info ] [ BEHAVIOR ] Run app\common\behavior\Common @module_init [ RunTime:0.000052s ]
[ info ] [ BEHAVIOR ] Run \addons\third\Third @config_init [ RunTime:0.000045s ]
[ info ] [ LANG ] /data/wwwroot/az-ips.wxhoutai.com/public/../application/index/lang/zh-cn/index.php
[ info ] [ RUN ] app\index\controller\Index->index[ /data/wwwroot/az-ips.wxhoutai.com/application/index/controller/Index.php ]
[ info ] [ VIEW ] /data/wwwroot/az-ips.wxhoutai.com/public/../application/index/view/index/index.html [ array (
  0 => 'user',
  1 => 'site',
  2 => 'config',
) ]
[ info ] [ BEHAVIOR ] Run \addons\cms\Cms @view_filter [ RunTime:0.000041s ]
[ info ] [ LOG ] INIT File
---------------------------------------------------------------
[ 2020-10-07T17:44:47+08:00 ] 167.248.133.36 GET 81.68.172.225:443/
[运行时间：0.004822s] [吞吐率：207.38req/s] [内存消耗：477.13kb] [文件加载：129]
[ info ] [ BEHAVIOR ] Run Closure @app_init [ RunTime:0.000016s ]
[ info ] [ CACHE ] INIT File
[ info ] [ BEHAVIOR ] Run \addons\cms\Cms @app_init [ RunTime:0.000223s ]
[ info ] [ BEHAVIOR ] Run Closure @app_init [ RunTime:0.000238s ]
[ info ] [ LANG ] /data/wwwroot/az-ips.wxhoutai.com/thinkphp/lang/zh-cn.php
[ info ] [ BEHAVIOR ] Run app\common\behavior\Common @app_dispatch [ RunTime:0.000025s ]
[ info ] [ ROUTE ] array (
  'type' => 'module',
  'module' => 
  array (
    0 => '',
    1 => NULL,
    2 => NULL,
  ),
)
[ info ] [ HEADER ] array (
  'host' => '81.68.172.225:443',
  'content-type' => '',
  'content-length' => '',
)
[ info ] [ PARAM ] array (
)
[ info ] [ LANG ] /data/wwwroot/az-ips.wxhoutai.com/public/../application/index/lang/zh-cn.php
[ info ] [ BEHAVIOR ] Run app\common\behavior\Common @module_init [ RunTime:0.000055s ]
[ info ] [ BEHAVIOR ] Run \addons\third\Third @config_init [ RunTime:0.000035s ]
[ info ] [ LANG ] /data/wwwroot/az-ips.wxhoutai.com/public/../application/index/lang/zh-cn/index.php
[ info ] [ RUN ] app\index\controller\Index->index[ /data/wwwroot/az-ips.wxhoutai.com/application/index/controller/Index.php ]
[ info ] [ VIEW ] /data/wwwroot/az-ips.wxhoutai.com/public/../application/index/view/index/index.html [ array (
  0 => 'user',
  1 => 'site',
  2 => 'config',
) ]
[ info ] [ BEHAVIOR ] Run \addons\cms\Cms @view_filter [ RunTime:0.000014s ]
[ info ] [ LOG ] INIT File
---------------------------------------------------------------
[ 2020-10-07T17:44:49+08:00 ] 167.248.133.36 GET 81.68.172.225/
[运行时间：0.002288s] [吞吐率：437.04req/s] [内存消耗：477.84kb] [文件加载：129]
[ info ] [ BEHAVIOR ] Run Closure @app_init [ RunTime:0.000016s ]
[ info ] [ CACHE ] INIT File
[ info ] [ BEHAVIOR ] Run \addons\cms\Cms @app_init [ RunTime:0.000114s ]
[ info ] [ BEHAVIOR ] Run Closure @app_init [ RunTime:0.000125s ]
[ info ] [ LANG ] /data/wwwroot/az-ips.wxhoutai.com/thinkphp/lang/zh-cn.php
[ info ] [ BEHAVIOR ] Run app\common\behavior\Common @app_dispatch [ RunTime:0.000017s ]
[ info ] [ ROUTE ] array (
  'type' => 'module',
  'module' => 
  array (
    0 => '',
    1 => NULL,
    2 => NULL,
  ),
)
[ info ] [ HEADER ] array (
  'accept-encoding' => 'gzip',
  'accept' => '*/*',
  'user-agent' => 'Mozilla/5.0 (compatible; CensysInspect/1.1; +https://about.censys.io/)',
  'host' => '81.68.172.225',
  'content-type' => '',
  'content-length' => '',
)
[ info ] [ PARAM ] array (
)
[ info ] [ LANG ] /data/wwwroot/az-ips.wxhoutai.com/public/../application/index/lang/zh-cn.php
[ info ] [ BEHAVIOR ] Run app\common\behavior\Common @module_init [ RunTime:0.000054s ]
[ info ] [ BEHAVIOR ] Run \addons\third\Third @config_init [ RunTime:0.000025s ]
[ info ] [ LANG ] /data/wwwroot/az-ips.wxhoutai.com/public/../application/index/lang/zh-cn/index.php
[ info ] [ RUN ] app\index\controller\Index->index[ /data/wwwroot/az-ips.wxhoutai.com/application/index/controller/Index.php ]
[ info ] [ VIEW ] /data/wwwroot/az-ips.wxhoutai.com/public/../application/index/view/index/index.html [ array (
  0 => 'user',
  1 => 'site',
  2 => 'config',
) ]
[ info ] [ BEHAVIOR ] Run \addons\cms\Cms @view_filter [ RunTime:0.000014s ]
[ info ] [ LOG ] INIT File
---------------------------------------------------------------
[ 2020-10-07T18:54:23+08:00 ] 83.97.20.35 GET 81.68.172.225/
[运行时间：0.004436s] [吞吐率：225.43req/s] [内存消耗：477.20kb] [文件加载：129]
[ info ] [ BEHAVIOR ] Run Closure @app_init [ RunTime:0.000015s ]
[ info ] [ CACHE ] INIT File
[ info ] [ BEHAVIOR ] Run \addons\cms\Cms @app_init [ RunTime:0.000149s ]
[ info ] [ BEHAVIOR ] Run Closure @app_init [ RunTime:0.000160s ]
[ info ] [ LANG ] /data/wwwroot/az-ips.wxhoutai.com/thinkphp/lang/zh-cn.php
[ info ] [ BEHAVIOR ] Run app\common\behavior\Common @app_dispatch [ RunTime:0.000023s ]
[ info ] [ ROUTE ] array (
  'type' => 'module',
  'module' => 
  array (
    0 => '',
    1 => NULL,
    2 => NULL,
  ),
)
[ info ] [ HEADER ] array (
  'connection' => 'close',
  'host' => '81.68.172.225',
  'content-type' => '',
  'content-length' => '',
)
[ info ] [ PARAM ] array (
)
[ info ] [ LANG ] /data/wwwroot/az-ips.wxhoutai.com/public/../application/index/lang/zh-cn.php
[ info ] [ BEHAVIOR ] Run app\common\behavior\Common @module_init [ RunTime:0.000057s ]
[ info ] [ BEHAVIOR ] Run \addons\third\Third @config_init [ RunTime:0.000036s ]
[ info ] [ LANG ] /data/wwwroot/az-ips.wxhoutai.com/public/../application/index/lang/zh-cn/index.php
[ info ] [ RUN ] app\index\controller\Index->index[ /data/wwwroot/az-ips.wxhoutai.com/application/index/controller/Index.php ]
[ info ] [ VIEW ] /data/wwwroot/az-ips.wxhoutai.com/public/../application/index/view/index/index.html [ array (
  0 => 'user',
  1 => 'site',
  2 => 'config',
) ]
[ info ] [ BEHAVIOR ] Run \addons\cms\Cms @view_filter [ RunTime:0.000016s ]
[ info ] [ LOG ] INIT File
---------------------------------------------------------------
[ 2020-10-07T23:25:23+08:00 ] 183.60.141.171 GET 81.68.172.225/
[运行时间：0.003000s] [吞吐率：333.33req/s] [内存消耗：477.34kb] [文件加载：129]
[ info ] [ BEHAVIOR ] Run Closure @app_init [ RunTime:0.000016s ]
[ info ] [ CACHE ] INIT File
[ info ] [ BEHAVIOR ] Run \addons\cms\Cms @app_init [ RunTime:0.000160s ]
[ info ] [ BEHAVIOR ] Run Closure @app_init [ RunTime:0.000197s ]
[ info ] [ LANG ] /data/wwwroot/az-ips.wxhoutai.com/thinkphp/lang/zh-cn.php
[ info ] [ BEHAVIOR ] Run app\common\behavior\Common @app_dispatch [ RunTime:0.000024s ]
[ info ] [ ROUTE ] array (
  'type' => 'module',
  'module' => 
  array (
    0 => '',
    1 => NULL,
    2 => NULL,
  ),
)
[ info ] [ HEADER ] array (
  'accept-encoding' => 'gzip',
  'user-agent' => 'Mozilla/5.0',
  'host' => '81.68.172.225',
  'content-type' => '',
  'content-length' => '',
)
[ info ] [ PARAM ] array (
)
[ info ] [ LANG ] /data/wwwroot/az-ips.wxhoutai.com/public/../application/index/lang/zh-cn.php
[ info ] [ BEHAVIOR ] Run app\common\behavior\Common @module_init [ RunTime:0.000050s ]
[ info ] [ BEHAVIOR ] Run \addons\third\Third @config_init [ RunTime:0.000027s ]
[ info ] [ LANG ] /data/wwwroot/az-ips.wxhoutai.com/public/../application/index/lang/zh-cn/index.php
[ info ] [ RUN ] app\index\controller\Index->index[ /data/wwwroot/az-ips.wxhoutai.com/application/index/controller/Index.php ]
[ info ] [ VIEW ] /data/wwwroot/az-ips.wxhoutai.com/public/../application/index/view/index/index.html [ array (
  0 => 'user',
  1 => 'site',
  2 => 'config',
) ]
[ info ] [ BEHAVIOR ] Run \addons\cms\Cms @view_filter [ RunTime:0.000015s ]
[ info ] [ LOG ] INIT File
