---------------------------------------------------------------
[ 2020-10-08T01:34:08+08:00 ] 83.97.20.35 GET 81.68.172.225/
[运行时间：0.002913s] [吞吐率：343.29req/s] [内存消耗：477.20kb] [文件加载：129]
[ info ] [ BEHAVIOR ] Run Closure @app_init [ RunTime:0.000017s ]
[ info ] [ CACHE ] INIT File
[ info ] [ BEHAVIOR ] Run \addons\cms\Cms @app_init [ RunTime:0.000138s ]
[ info ] [ BEHAVIOR ] Run Closure @app_init [ RunTime:0.000149s ]
[ info ] [ LANG ] /data/wwwroot/az-ips.wxhoutai.com/thinkphp/lang/zh-cn.php
[ info ] [ BEHAVIOR ] Run app\common\behavior\Common @app_dispatch [ RunTime:0.000024s ]
[ info ] [ ROUTE ] array (
  'type' => 'module',
  'module' => 
  array (
    0 => '',
    1 => NULL,
    2 => NULL,
  ),
)
[ info ] [ HEADER ] array (
  'connection' => 'close',
  'host' => '81.68.172.225',
  'content-type' => '',
  'content-length' => '',
)
[ info ] [ PARAM ] array (
)
[ info ] [ LANG ] /data/wwwroot/az-ips.wxhoutai.com/public/../application/index/lang/zh-cn.php
[ info ] [ BEHAVIOR ] Run app\common\behavior\Common @module_init [ RunTime:0.000065s ]
[ info ] [ BEHAVIOR ] Run \addons\third\Third @config_init [ RunTime:0.000028s ]
[ info ] [ LANG ] /data/wwwroot/az-ips.wxhoutai.com/public/../application/index/lang/zh-cn/index.php
[ info ] [ RUN ] app\index\controller\Index->index[ /data/wwwroot/az-ips.wxhoutai.com/application/index/controller/Index.php ]
[ info ] [ VIEW ] /data/wwwroot/az-ips.wxhoutai.com/public/../application/index/view/index/index.html [ array (
  0 => 'user',
  1 => 'site',
  2 => 'config',
) ]
[ info ] [ BEHAVIOR ] Run \addons\cms\Cms @view_filter [ RunTime:0.000014s ]
[ info ] [ LOG ] INIT File
---------------------------------------------------------------
[ 2020-10-08T01:51:44+08:00 ] 128.14.134.170 GET 81.68.172.225/
[运行时间：0.003112s] [吞吐率：321.33req/s] [内存消耗：477.90kb] [文件加载：129]
[ info ] [ BEHAVIOR ] Run Closure @app_init [ RunTime:0.000017s ]
[ info ] [ CACHE ] INIT File
[ info ] [ BEHAVIOR ] Run \addons\cms\Cms @app_init [ RunTime:0.000139s ]
[ info ] [ BEHAVIOR ] Run Closure @app_init [ RunTime:0.000150s ]
[ info ] [ LANG ] /data/wwwroot/az-ips.wxhoutai.com/thinkphp/lang/zh-cn.php
[ info ] [ BEHAVIOR ] Run app\common\behavior\Common @app_dispatch [ RunTime:0.000028s ]
[ info ] [ ROUTE ] array (
  'type' => 'module',
  'module' => 
  array (
    0 => '',
    1 => NULL,
    2 => NULL,
  ),
)
[ info ] [ HEADER ] array (
  'accept-encoding' => 'gzip',
  'accept' => '*/*',
  'user-agent' => 'Mozilla/5.0 (Windows NT 10.0; Win64; x64) AppleWebKit/537.36 (KHTML, like Gecko) Chrome/60.0.3112.113 Safari/537.36',
  'host' => '81.68.172.225',
  'content-type' => '',
  'content-length' => '',
)
[ info ] [ PARAM ] array (
)
[ info ] [ LANG ] /data/wwwroot/az-ips.wxhoutai.com/public/../application/index/lang/zh-cn.php
[ info ] [ BEHAVIOR ] Run app\common\behavior\Common @module_init [ RunTime:0.000053s ]
[ info ] [ BEHAVIOR ] Run \addons\third\Third @config_init [ RunTime:0.000037s ]
[ info ] [ LANG ] /data/wwwroot/az-ips.wxhoutai.com/public/../application/index/lang/zh-cn/index.php
[ info ] [ RUN ] app\index\controller\Index->index[ /data/wwwroot/az-ips.wxhoutai.com/application/index/controller/Index.php ]
[ info ] [ VIEW ] /data/wwwroot/az-ips.wxhoutai.com/public/../application/index/view/index/index.html [ array (
  0 => 'user',
  1 => 'site',
  2 => 'config',
) ]
[ info ] [ BEHAVIOR ] Run \addons\cms\Cms @view_filter [ RunTime:0.000015s ]
[ info ] [ LOG ] INIT File
---------------------------------------------------------------
[ 2020-10-08T04:21:12+08:00 ] 192.241.237.159 GET 81.68.172.225/
[运行时间：0.003574s] [吞吐率：279.81req/s] [内存消耗：477.68kb] [文件加载：129]
[ info ] [ BEHAVIOR ] Run Closure @app_init [ RunTime:0.000015s ]
[ info ] [ CACHE ] INIT File
[ info ] [ BEHAVIOR ] Run \addons\cms\Cms @app_init [ RunTime:0.000139s ]
[ info ] [ BEHAVIOR ] Run Closure @app_init [ RunTime:0.000150s ]
[ info ] [ LANG ] /data/wwwroot/az-ips.wxhoutai.com/thinkphp/lang/zh-cn.php
[ info ] [ BEHAVIOR ] Run app\common\behavior\Common @app_dispatch [ RunTime:0.000024s ]
[ info ] [ ROUTE ] array (
  'type' => 'module',
  'module' => 
  array (
    0 => '',
    1 => NULL,
    2 => NULL,
  ),
)
[ info ] [ HEADER ] array (
  'accept-encoding' => 'gzip',
  'accept' => '*/*',
  'user-agent' => 'Mozilla/5.0 zgrab/0.x',
  'host' => '81.68.172.225',
  'content-type' => '',
  'content-length' => '',
)
[ info ] [ PARAM ] array (
)
[ info ] [ LANG ] /data/wwwroot/az-ips.wxhoutai.com/public/../application/index/lang/zh-cn.php
[ info ] [ BEHAVIOR ] Run app\common\behavior\Common @module_init [ RunTime:0.000070s ]
[ info ] [ BEHAVIOR ] Run \addons\third\Third @config_init [ RunTime:0.000029s ]
[ info ] [ LANG ] /data/wwwroot/az-ips.wxhoutai.com/public/../application/index/lang/zh-cn/index.php
[ info ] [ RUN ] app\index\controller\Index->index[ /data/wwwroot/az-ips.wxhoutai.com/application/index/controller/Index.php ]
[ info ] [ VIEW ] /data/wwwroot/az-ips.wxhoutai.com/public/../application/index/view/index/index.html [ array (
  0 => 'user',
  1 => 'site',
  2 => 'config',
) ]
[ info ] [ BEHAVIOR ] Run \addons\cms\Cms @view_filter [ RunTime:0.000088s ]
[ info ] [ LOG ] INIT File
---------------------------------------------------------------
[ 2020-10-08T05:12:22+08:00 ] 134.122.44.201 GET 81.68.172.225/
[运行时间：0.003124s] [吞吐率：320.10req/s] [内存消耗：477.23kb] [文件加载：129]
[ info ] [ BEHAVIOR ] Run Closure @app_init [ RunTime:0.000016s ]
[ info ] [ CACHE ] INIT File
[ info ] [ BEHAVIOR ] Run \addons\cms\Cms @app_init [ RunTime:0.000133s ]
[ info ] [ BEHAVIOR ] Run Closure @app_init [ RunTime:0.000144s ]
[ info ] [ LANG ] /data/wwwroot/az-ips.wxhoutai.com/thinkphp/lang/zh-cn.php
[ info ] [ BEHAVIOR ] Run app\common\behavior\Common @app_dispatch [ RunTime:0.000023s ]
[ info ] [ ROUTE ] array (
  'type' => 'module',
  'module' => 
  array (
    0 => '',
    1 => NULL,
    2 => NULL,
  ),
)
[ info ] [ HEADER ] array (
  'connection' => 'Keep-Alive',
  'host' => '81.68.172.225',
  'content-type' => '',
  'content-length' => '',
)
[ info ] [ PARAM ] array (
)
[ info ] [ LANG ] /data/wwwroot/az-ips.wxhoutai.com/public/../application/index/lang/zh-cn.php
[ info ] [ BEHAVIOR ] Run app\common\behavior\Common @module_init [ RunTime:0.000068s ]
[ info ] [ BEHAVIOR ] Run \addons\third\Third @config_init [ RunTime:0.000034s ]
[ info ] [ LANG ] /data/wwwroot/az-ips.wxhoutai.com/public/../application/index/lang/zh-cn/index.php
[ info ] [ RUN ] app\index\controller\Index->index[ /data/wwwroot/az-ips.wxhoutai.com/application/index/controller/Index.php ]
[ info ] [ VIEW ] /data/wwwroot/az-ips.wxhoutai.com/public/../application/index/view/index/index.html [ array (
  0 => 'user',
  1 => 'site',
  2 => 'config',
) ]
[ info ] [ BEHAVIOR ] Run \addons\cms\Cms @view_filter [ RunTime:0.000018s ]
[ info ] [ LOG ] INIT File
---------------------------------------------------------------
[ 2020-10-08T05:16:36+08:00 ] 193.118.53.194 GET 81.68.172.225/solr/
[运行时间：0.003032s] [吞吐率：329.82req/s] [内存消耗：355.05kb] [文件加载：118]
[ info ] [ BEHAVIOR ] Run Closure @app_init [ RunTime:0.000016s ]
[ info ] [ CACHE ] INIT File
[ info ] [ BEHAVIOR ] Run \addons\cms\Cms @app_init [ RunTime:0.000169s ]
[ info ] [ BEHAVIOR ] Run Closure @app_init [ RunTime:0.000180s ]
[ info ] [ LANG ] /data/wwwroot/az-ips.wxhoutai.com/thinkphp/lang/zh-cn.php
[ info ] [ BEHAVIOR ] Run app\common\behavior\Common @app_dispatch [ RunTime:0.000027s ]
[ info ] [ ROUTE ] array (
  'type' => 'module',
  'module' => 
  array (
    0 => 'solr',
    1 => NULL,
    2 => NULL,
  ),
)
[ info ] [ HEADER ] array (
  'accept-encoding' => 'gzip',
  'accept' => '*/*',
  'user-agent' => 'Mozilla/5.0 (Windows NT 10.0; Win64; x64) AppleWebKit/537.36 (KHTML, like Gecko) Chrome/60.0.3112.113 Safari/537.36',
  'host' => '81.68.172.225',
  'content-type' => '',
  'content-length' => '',
)
[ info ] [ PARAM ] array (
)
[ info ] [ LOG ] INIT File
---------------------------------------------------------------
[ 2020-10-08T06:42:28+08:00 ] 83.97.20.35 GET 81.68.172.225/
[运行时间：0.003274s] [吞吐率：305.44req/s] [内存消耗：477.20kb] [文件加载：129]
[ info ] [ BEHAVIOR ] Run Closure @app_init [ RunTime:0.000017s ]
[ info ] [ CACHE ] INIT File
[ info ] [ BEHAVIOR ] Run \addons\cms\Cms @app_init [ RunTime:0.000142s ]
[ info ] [ BEHAVIOR ] Run Closure @app_init [ RunTime:0.000152s ]
[ info ] [ LANG ] /data/wwwroot/az-ips.wxhoutai.com/thinkphp/lang/zh-cn.php
[ info ] [ BEHAVIOR ] Run app\common\behavior\Common @app_dispatch [ RunTime:0.000023s ]
[ info ] [ ROUTE ] array (
  'type' => 'module',
  'module' => 
  array (
    0 => '',
    1 => NULL,
    2 => NULL,
  ),
)
[ info ] [ HEADER ] array (
  'connection' => 'close',
  'host' => '81.68.172.225',
  'content-type' => '',
  'content-length' => '',
)
[ info ] [ PARAM ] array (
)
[ info ] [ LANG ] /data/wwwroot/az-ips.wxhoutai.com/public/../application/index/lang/zh-cn.php
[ info ] [ BEHAVIOR ] Run app\common\behavior\Common @module_init [ RunTime:0.000065s ]
[ info ] [ BEHAVIOR ] Run \addons\third\Third @config_init [ RunTime:0.000027s ]
[ info ] [ LANG ] /data/wwwroot/az-ips.wxhoutai.com/public/../application/index/lang/zh-cn/index.php
[ info ] [ RUN ] app\index\controller\Index->index[ /data/wwwroot/az-ips.wxhoutai.com/application/index/controller/Index.php ]
[ info ] [ VIEW ] /data/wwwroot/az-ips.wxhoutai.com/public/../application/index/view/index/index.html [ array (
  0 => 'user',
  1 => 'site',
  2 => 'config',
) ]
[ info ] [ BEHAVIOR ] Run \addons\cms\Cms @view_filter [ RunTime:0.000018s ]
[ info ] [ LOG ] INIT File
---------------------------------------------------------------
[ 2020-10-08T11:43:02+08:00 ] 74.120.14.36 GET 81.68.172.225:443/
[运行时间：0.002860s] [吞吐率：349.64req/s] [内存消耗：477.13kb] [文件加载：129]
[ info ] [ BEHAVIOR ] Run Closure @app_init [ RunTime:0.000016s ]
[ info ] [ CACHE ] INIT File
[ info ] [ BEHAVIOR ] Run \addons\cms\Cms @app_init [ RunTime:0.000133s ]
[ info ] [ BEHAVIOR ] Run Closure @app_init [ RunTime:0.000144s ]
[ info ] [ LANG ] /data/wwwroot/az-ips.wxhoutai.com/thinkphp/lang/zh-cn.php
[ info ] [ BEHAVIOR ] Run app\common\behavior\Common @app_dispatch [ RunTime:0.000023s ]
[ info ] [ ROUTE ] array (
  'type' => 'module',
  'module' => 
  array (
    0 => '',
    1 => NULL,
    2 => NULL,
  ),
)
[ info ] [ HEADER ] array (
  'host' => '81.68.172.225:443',
  'content-type' => '',
  'content-length' => '',
)
[ info ] [ PARAM ] array (
)
[ info ] [ LANG ] /data/wwwroot/az-ips.wxhoutai.com/public/../application/index/lang/zh-cn.php
[ info ] [ BEHAVIOR ] Run app\common\behavior\Common @module_init [ RunTime:0.000050s ]
[ info ] [ BEHAVIOR ] Run \addons\third\Third @config_init [ RunTime:0.000028s ]
[ info ] [ LANG ] /data/wwwroot/az-ips.wxhoutai.com/public/../application/index/lang/zh-cn/index.php
[ info ] [ RUN ] app\index\controller\Index->index[ /data/wwwroot/az-ips.wxhoutai.com/application/index/controller/Index.php ]
[ info ] [ VIEW ] /data/wwwroot/az-ips.wxhoutai.com/public/../application/index/view/index/index.html [ array (
  0 => 'user',
  1 => 'site',
  2 => 'config',
) ]
[ info ] [ BEHAVIOR ] Run \addons\cms\Cms @view_filter [ RunTime:0.000015s ]
[ info ] [ LOG ] INIT File
---------------------------------------------------------------
[ 2020-10-08T11:43:03+08:00 ] 74.120.14.36 GET 81.68.172.225/
[运行时间：0.002383s] [吞吐率：419.64req/s] [内存消耗：477.84kb] [文件加载：129]
[ info ] [ BEHAVIOR ] Run Closure @app_init [ RunTime:0.000015s ]
[ info ] [ CACHE ] INIT File
[ info ] [ BEHAVIOR ] Run \addons\cms\Cms @app_init [ RunTime:0.000323s ]
[ info ] [ BEHAVIOR ] Run Closure @app_init [ RunTime:0.000334s ]
[ info ] [ LANG ] /data/wwwroot/az-ips.wxhoutai.com/thinkphp/lang/zh-cn.php
[ info ] [ BEHAVIOR ] Run app\common\behavior\Common @app_dispatch [ RunTime:0.000017s ]
[ info ] [ ROUTE ] array (
  'type' => 'module',
  'module' => 
  array (
    0 => '',
    1 => NULL,
    2 => NULL,
  ),
)
[ info ] [ HEADER ] array (
  'accept-encoding' => 'gzip',
  'accept' => '*/*',
  'user-agent' => 'Mozilla/5.0 (compatible; CensysInspect/1.1; +https://about.censys.io/)',
  'host' => '81.68.172.225',
  'content-type' => '',
  'content-length' => '',
)
[ info ] [ PARAM ] array (
)
[ info ] [ LANG ] /data/wwwroot/az-ips.wxhoutai.com/public/../application/index/lang/zh-cn.php
[ info ] [ BEHAVIOR ] Run app\common\behavior\Common @module_init [ RunTime:0.000050s ]
[ info ] [ BEHAVIOR ] Run \addons\third\Third @config_init [ RunTime:0.000023s ]
[ info ] [ LANG ] /data/wwwroot/az-ips.wxhoutai.com/public/../application/index/lang/zh-cn/index.php
[ info ] [ RUN ] app\index\controller\Index->index[ /data/wwwroot/az-ips.wxhoutai.com/application/index/controller/Index.php ]
[ info ] [ VIEW ] /data/wwwroot/az-ips.wxhoutai.com/public/../application/index/view/index/index.html [ array (
  0 => 'user',
  1 => 'site',
  2 => 'config',
) ]
[ info ] [ BEHAVIOR ] Run \addons\cms\Cms @view_filter [ RunTime:0.000014s ]
[ info ] [ LOG ] INIT File
---------------------------------------------------------------
[ 2020-10-08T11:45:47+08:00 ] 138.246.253.15 HEAD 81.68.172.225/
[运行时间：0.003254s] [吞吐率：307.32req/s] [内存消耗：477.77kb] [文件加载：129]
[ info ] [ BEHAVIOR ] Run Closure @app_init [ RunTime:0.000017s ]
[ info ] [ CACHE ] INIT File
[ info ] [ BEHAVIOR ] Run \addons\cms\Cms @app_init [ RunTime:0.000153s ]
[ info ] [ BEHAVIOR ] Run Closure @app_init [ RunTime:0.000164s ]
[ info ] [ LANG ] /data/wwwroot/az-ips.wxhoutai.com/thinkphp/lang/zh-cn.php
[ info ] [ BEHAVIOR ] Run app\common\behavior\Common @app_dispatch [ RunTime:0.000027s ]
[ info ] [ ROUTE ] array (
  'type' => 'module',
  'module' => 
  array (
    0 => '',
    1 => NULL,
    2 => NULL,
  ),
)
[ info ] [ HEADER ] array (
  'user-agent' => 'Mozilla/5.0 (Windows NT 6.1; Win64; x64) AppleWebKit/537.36 (KHTML, like Gecko) Chrome/40.0.2214.85 Safari/537.36',
  'host' => '81.68.172.225',
  'content-type' => '',
  'content-length' => '',
)
[ info ] [ PARAM ] array (
)
[ info ] [ LANG ] /data/wwwroot/az-ips.wxhoutai.com/public/../application/index/lang/zh-cn.php
[ info ] [ BEHAVIOR ] Run app\common\behavior\Common @module_init [ RunTime:0.000057s ]
[ info ] [ BEHAVIOR ] Run \addons\third\Third @config_init [ RunTime:0.000032s ]
[ info ] [ LANG ] /data/wwwroot/az-ips.wxhoutai.com/public/../application/index/lang/zh-cn/index.php
[ info ] [ RUN ] app\index\controller\Index->index[ /data/wwwroot/az-ips.wxhoutai.com/application/index/controller/Index.php ]
[ info ] [ VIEW ] /data/wwwroot/az-ips.wxhoutai.com/public/../application/index/view/index/index.html [ array (
  0 => 'user',
  1 => 'site',
  2 => 'config',
) ]
[ info ] [ BEHAVIOR ] Run \addons\cms\Cms @view_filter [ RunTime:0.000015s ]
[ info ] [ LOG ] INIT File
---------------------------------------------------------------
[ 2020-10-08T12:31:37+08:00 ] 184.105.247.194 GET 81.68.172.225/
[运行时间：0.002951s] [吞吐率：338.85req/s] [内存消耗：477.13kb] [文件加载：129]
[ info ] [ BEHAVIOR ] Run Closure @app_init [ RunTime:0.000016s ]
[ info ] [ CACHE ] INIT File
[ info ] [ BEHAVIOR ] Run \addons\cms\Cms @app_init [ RunTime:0.000138s ]
[ info ] [ BEHAVIOR ] Run Closure @app_init [ RunTime:0.000149s ]
[ info ] [ LANG ] /data/wwwroot/az-ips.wxhoutai.com/thinkphp/lang/zh-cn.php
[ info ] [ BEHAVIOR ] Run app\common\behavior\Common @app_dispatch [ RunTime:0.000023s ]
[ info ] [ ROUTE ] array (
  'type' => 'module',
  'module' => 
  array (
    0 => '',
    1 => NULL,
    2 => NULL,
  ),
)
[ info ] [ HEADER ] array (
  'host' => '81.68.172.225',
  'content-type' => '',
  'content-length' => '',
)
[ info ] [ PARAM ] array (
)
[ info ] [ LANG ] /data/wwwroot/az-ips.wxhoutai.com/public/../application/index/lang/zh-cn.php
[ info ] [ BEHAVIOR ] Run app\common\behavior\Common @module_init [ RunTime:0.000050s ]
[ info ] [ BEHAVIOR ] Run \addons\third\Third @config_init [ RunTime:0.000028s ]
[ info ] [ LANG ] /data/wwwroot/az-ips.wxhoutai.com/public/../application/index/lang/zh-cn/index.php
[ info ] [ RUN ] app\index\controller\Index->index[ /data/wwwroot/az-ips.wxhoutai.com/application/index/controller/Index.php ]
[ info ] [ VIEW ] /data/wwwroot/az-ips.wxhoutai.com/public/../application/index/view/index/index.html [ array (
  0 => 'user',
  1 => 'site',
  2 => 'config',
) ]
[ info ] [ BEHAVIOR ] Run \addons\cms\Cms @view_filter [ RunTime:0.000016s ]
[ info ] [ LOG ] INIT File
---------------------------------------------------------------
[ 2020-10-08T13:07:54+08:00 ] 83.97.20.35 GET 81.68.172.225/
[运行时间：0.004159s] [吞吐率：240.44req/s] [内存消耗：477.20kb] [文件加载：129]
[ info ] [ BEHAVIOR ] Run Closure @app_init [ RunTime:0.000016s ]
[ info ] [ CACHE ] INIT File
[ info ] [ BEHAVIOR ] Run \addons\cms\Cms @app_init [ RunTime:0.000171s ]
[ info ] [ BEHAVIOR ] Run Closure @app_init [ RunTime:0.000183s ]
[ info ] [ LANG ] /data/wwwroot/az-ips.wxhoutai.com/thinkphp/lang/zh-cn.php
[ info ] [ BEHAVIOR ] Run app\common\behavior\Common @app_dispatch [ RunTime:0.000024s ]
[ info ] [ ROUTE ] array (
  'type' => 'module',
  'module' => 
  array (
    0 => '',
    1 => NULL,
    2 => NULL,
  ),
)
[ info ] [ HEADER ] array (
  'connection' => 'close',
  'host' => '81.68.172.225',
  'content-type' => '',
  'content-length' => '',
)
[ info ] [ PARAM ] array (
)
[ info ] [ LANG ] /data/wwwroot/az-ips.wxhoutai.com/public/../application/index/lang/zh-cn.php
[ info ] [ BEHAVIOR ] Run app\common\behavior\Common @module_init [ RunTime:0.000054s ]
[ info ] [ BEHAVIOR ] Run \addons\third\Third @config_init [ RunTime:0.000040s ]
[ info ] [ LANG ] /data/wwwroot/az-ips.wxhoutai.com/public/../application/index/lang/zh-cn/index.php
[ info ] [ RUN ] app\index\controller\Index->index[ /data/wwwroot/az-ips.wxhoutai.com/application/index/controller/Index.php ]
[ info ] [ VIEW ] /data/wwwroot/az-ips.wxhoutai.com/public/../application/index/view/index/index.html [ array (
  0 => 'user',
  1 => 'site',
  2 => 'config',
) ]
[ info ] [ BEHAVIOR ] Run \addons\cms\Cms @view_filter [ RunTime:0.000015s ]
[ info ] [ LOG ] INIT File
---------------------------------------------------------------
[ 2020-10-08T19:00:55+08:00 ] 83.97.20.35 GET 81.68.172.225/
[运行时间：0.002751s] [吞吐率：363.52req/s] [内存消耗：477.20kb] [文件加载：129]
[ info ] [ BEHAVIOR ] Run Closure @app_init [ RunTime:0.000017s ]
[ info ] [ CACHE ] INIT File
[ info ] [ BEHAVIOR ] Run \addons\cms\Cms @app_init [ RunTime:0.000136s ]
[ info ] [ BEHAVIOR ] Run Closure @app_init [ RunTime:0.000146s ]
[ info ] [ LANG ] /data/wwwroot/az-ips.wxhoutai.com/thinkphp/lang/zh-cn.php
[ info ] [ BEHAVIOR ] Run app\common\behavior\Common @app_dispatch [ RunTime:0.000024s ]
[ info ] [ ROUTE ] array (
  'type' => 'module',
  'module' => 
  array (
    0 => '',
    1 => NULL,
    2 => NULL,
  ),
)
[ info ] [ HEADER ] array (
  'connection' => 'close',
  'host' => '81.68.172.225',
  'content-type' => '',
  'content-length' => '',
)
[ info ] [ PARAM ] array (
)
[ info ] [ LANG ] /data/wwwroot/az-ips.wxhoutai.com/public/../application/index/lang/zh-cn.php
[ info ] [ BEHAVIOR ] Run app\common\behavior\Common @module_init [ RunTime:0.000052s ]
[ info ] [ BEHAVIOR ] Run \addons\third\Third @config_init [ RunTime:0.000027s ]
[ info ] [ LANG ] /data/wwwroot/az-ips.wxhoutai.com/public/../application/index/lang/zh-cn/index.php
[ info ] [ RUN ] app\index\controller\Index->index[ /data/wwwroot/az-ips.wxhoutai.com/application/index/controller/Index.php ]
[ info ] [ VIEW ] /data/wwwroot/az-ips.wxhoutai.com/public/../application/index/view/index/index.html [ array (
  0 => 'user',
  1 => 'site',
  2 => 'config',
) ]
[ info ] [ BEHAVIOR ] Run \addons\cms\Cms @view_filter [ RunTime:0.000014s ]
[ info ] [ LOG ] INIT File
---------------------------------------------------------------
[ 2020-10-08T20:06:19+08:00 ] 45.129.33.120 GET 81.68.172.225/+CSCOU+/../+CSCOE+/files/file_list.json?path=/sessions/
[运行时间：0.002719s] [吞吐率：367.79req/s] [内存消耗：347.31kb] [文件加载：117]
[ info ] [ BEHAVIOR ] Run Closure @app_init [ RunTime:0.000016s ]
[ info ] [ CACHE ] INIT File
[ info ] [ BEHAVIOR ] Run \addons\cms\Cms @app_init [ RunTime:0.000160s ]
[ info ] [ BEHAVIOR ] Run Closure @app_init [ RunTime:0.000170s ]
[ info ] [ BEHAVIOR ] Run app\common\behavior\Common @app_dispatch [ RunTime:0.000028s ]
[ info ] [ ROUTE ] array (
  'type' => 'module',
  'module' => 
  array (
    0 => '+CSCOE+',
    1 => 'files',
    2 => 'file_list.json',
  ),
)
[ info ] [ HEADER ] array (
  'user-agent' => 'Mozilla/4.0 (compatible; MSIE 6.0; Windows NT 5.1; SV1)',
  'upgrade-insecure-requests' => '1',
  'host' => '81.68.172.225',
  'connection' => 'keep-alive',
  'accept-language' => 'en-US,en;q=0.9',
  'accept-encoding' => 'gzip, deflate',
  'accept' => 'text/html,application/xhtml+xml,application/xml;q=0.9,image/webp,image/apng,*/*;q=0.8',
  'content-type' => '',
  'content-length' => '',
)
[ info ] [ PARAM ] array (
  'path' => '/sessions/',
)
[ info ] [ LOG ] INIT File
---------------------------------------------------------------
[ 2020-10-08T20:06:20+08:00 ] 45.129.33.120 GET 81.68.172.225/+CSCOU+/../+CSCOE+/files/file_list.json?path=/sessions/
[运行时间：0.002135s] [吞吐率：468.38req/s] [内存消耗：347.31kb] [文件加载：117]
[ info ] [ BEHAVIOR ] Run Closure @app_init [ RunTime:0.000016s ]
[ info ] [ CACHE ] INIT File
[ info ] [ BEHAVIOR ] Run \addons\cms\Cms @app_init [ RunTime:0.000120s ]
[ info ] [ BEHAVIOR ] Run Closure @app_init [ RunTime:0.000131s ]
[ info ] [ BEHAVIOR ] Run app\common\behavior\Common @app_dispatch [ RunTime:0.000018s ]
[ info ] [ ROUTE ] array (
  'type' => 'module',
  'module' => 
  array (
    0 => '+CSCOE+',
    1 => 'files',
    2 => 'file_list.json',
  ),
)
[ info ] [ HEADER ] array (
  'user-agent' => 'Mozilla/4.0 (compatible; MSIE 6.0; Windows NT 5.1; SV1)',
  'upgrade-insecure-requests' => '1',
  'host' => '81.68.172.225',
  'connection' => 'keep-alive',
  'accept-language' => 'en-US,en;q=0.9',
  'accept-encoding' => 'gzip, deflate',
  'accept' => 'text/html,application/xhtml+xml,application/xml;q=0.9,image/webp,image/apng,*/*;q=0.8',
  'content-type' => '',
  'content-length' => '',
)
[ info ] [ PARAM ] array (
  'path' => '/sessions/',
)
[ info ] [ LOG ] INIT File
