---------------------------------------------------------------
[ 2020-10-22T17:01:03+08:00 ] 101.230.4.177 POST az-ips.wxhoutai.com/addons/cms/wxapp.archives/recommend
[运行时间：0.012038s] [吞吐率：83.07req/s] [内存消耗：817.21kb] [文件加载：150]
[ info ] [ BEHAVIOR ] Run Closure @app_init [ RunTime:0.000012s ]
[ info ] [ CACHE ] INIT File
[ info ] [ BEHAVIOR ] Run \addons\cms\Cms @app_init [ RunTime:0.000155s ]
[ info ] [ BEHAVIOR ] Run Closure @app_init [ RunTime:0.000166s ]
[ info ] [ LANG ] /data/wwwroot/az-ips.wxhoutai.com/thinkphp/lang/zh-cn.php
[ info ] [ BEHAVIOR ] Run app\common\behavior\Common @app_dispatch [ RunTime:0.000018s ]
[ info ] [ ROUTE ] array (
  'type' => 'method',
  'method' => 
  array (
    0 => '\\think\\addons\\Route',
    1 => 'execute',
  ),
  'var' => 
  array (
  ),
)
[ info ] [ HEADER ] array (
  'cookie' => 'PHPSESSID=a7d2ge85tvb9vgu9v6uk21ls3t; path=/',
  'accept-encoding' => 'gzip, deflate, br',
  'referer' => 'https://servicewechat.com/wx3a184d7599515c1e/4/page-frame.html',
  'user-agent' => 'Mozilla/5.0 (iPhone; CPU iPhone OS 14_0_1 like Mac OS X) AppleWebKit/605.1.15 (KHTML, like Gecko) Mobile/15E148 MicroMessenger/7.0.17(0x17001127) NetType/WIFI Language/zh_CN',
  'accept-language' => 'zh-cn',
  'content-length' => '73',
  'content-type' => 'application/x-www-form-urlencoded',
  'accept' => '*/*',
  'host' => 'az-ips.wxhoutai.com',
)
[ info ] [ PARAM ] array (
  'admin_ids' => '5',
  'user_id' => '12',
  'token' => '87a6d6de-1dc3-42e2-b2a0-cfc66e74f322',
  '_ajax' => '1',
  'addon' => 'cms',
  'controller' => 'wxapp.archives',
  'action' => 'recommend',
)
[ info ] [ RUN ] think\addons\Route->execute[ /data/wwwroot/az-ips.wxhoutai.com/vendor/karsonzhang/fastadmin-addons/src/addons/Route.php ]
[ info ] [ LANG ] /data/wwwroot/az-ips.wxhoutai.com/public/../application/common/lang/zh-cn/addon.php
[ info ] [ BEHAVIOR ] Run app\common\behavior\Common @addon_begin [ RunTime:0.000062s ]
[ info ] [ TOKEN ] INIT Mysql
[ info ] [ DB ] INIT mysql
[ info ] [ LANG ] /data/wwwroot/az-ips.wxhoutai.com//addons/cms/lang/zh-cn.php
[ info ] [ LANG ] /data/wwwroot/az-ips.wxhoutai.com/public/../application//index/lang/zh-cn/user.php
[ info ] [ LOG ] INIT File
